<?xml version="1.0" encoding="UTF-8"?>
<coverage generated="1730238737552" clover="3.2.0">
  <project timestamp="1730238737553" name="All files">
    <metrics statements="516" coveredstatements="478" conditionals="184" coveredconditionals="167" methods="72" coveredmethods="62" elements="772" coveredelements="707" complexity="0" loc="516" ncloc="516" packages="5" files="18" classes="18"/>
    <package name="server">
      <metrics statements="43" coveredstatements="30" conditionals="6" coveredconditionals="3" methods="8" coveredmethods="0"/>
      <file name="app.ts" path="C:\Users\jelli\OneDrive\Desktop\CS4530\fall24-team-project-group-110\server\app.ts">
        <metrics statements="43" coveredstatements="30" conditionals="6" coveredconditionals="3" methods="8" coveredmethods="0"/>
        <line num="5" count="8" type="stmt"/>
        <line num="6" count="8" type="stmt"/>
        <line num="7" count="8" type="stmt"/>
        <line num="8" count="8" type="stmt"/>
        <line num="9" count="8" type="stmt"/>
        <line num="10" count="8" type="stmt"/>
        <line num="12" count="8" type="stmt"/>
        <line num="13" count="8" type="stmt"/>
        <line num="14" count="8" type="stmt"/>
        <line num="15" count="8" type="stmt"/>
        <line num="17" count="8" type="stmt"/>
        <line num="19" count="8" type="stmt"/>
        <line num="21" count="8" type="cond" truecount="1" falsecount="1"/>
        <line num="22" count="8" type="cond" truecount="1" falsecount="1"/>
        <line num="23" count="8" type="cond" truecount="1" falsecount="1"/>
        <line num="25" count="8" type="stmt"/>
        <line num="27" count="0" type="stmt"/>
        <line num="29" count="8" type="stmt"/>
        <line num="30" count="8" type="stmt"/>
        <line num="31" count="8" type="stmt"/>
        <line num="36" count="0" type="stmt"/>
        <line num="37" count="0" type="stmt"/>
        <line num="41" count="8" type="stmt"/>
        <line num="42" count="0" type="stmt"/>
        <line num="44" count="0" type="stmt"/>
        <line num="45" count="0" type="stmt"/>
        <line num="49" count="8" type="stmt"/>
        <line num="50" count="0" type="stmt"/>
        <line num="51" count="0" type="stmt"/>
        <line num="52" count="0" type="stmt"/>
        <line num="53" count="0" type="stmt"/>
        <line num="55" count="0" type="stmt"/>
        <line num="58" count="8" type="stmt"/>
        <line num="65" count="8" type="stmt"/>
        <line num="67" count="8" type="stmt"/>
        <line num="68" count="0" type="stmt"/>
        <line num="69" count="0" type="stmt"/>
        <line num="72" count="8" type="stmt"/>
        <line num="73" count="8" type="stmt"/>
        <line num="74" count="8" type="stmt"/>
        <line num="75" count="8" type="stmt"/>
        <line num="76" count="8" type="stmt"/>
        <line num="79" count="8" type="stmt"/>
      </file>
    </package>
    <package name="server.controller">
      <metrics statements="204" coveredstatements="198" conditionals="99" coveredconditionals="93" methods="24" coveredmethods="24"/>
      <file name="answer.ts" path="C:\Users\jelli\OneDrive\Desktop\CS4530\fall24-team-project-group-110\server\controller\answer.ts">
        <metrics statements="31" coveredstatements="31" conditionals="14" coveredconditionals="14" methods="4" coveredmethods="4"/>
        <line num="1" count="8" type="stmt"/>
        <line num="3" count="8" type="stmt"/>
        <line num="5" count="8" type="stmt"/>
        <line num="6" count="8" type="stmt"/>
        <line num="16" count="9" type="cond" truecount="2" falsecount="0"/>
        <line num="27" count="7" type="cond" truecount="3" falsecount="0"/>
        <line num="40" count="8" type="stmt"/>
        <line num="41" count="9" type="cond" truecount="1" falsecount="0"/>
        <line num="42" count="2" type="stmt"/>
        <line num="43" count="2" type="stmt"/>
        <line num="45" count="7" type="cond" truecount="1" falsecount="0"/>
        <line num="46" count="3" type="stmt"/>
        <line num="47" count="3" type="stmt"/>
        <line num="50" count="4" type="stmt"/>
        <line num="51" count="4" type="stmt"/>
        <line num="53" count="4" type="stmt"/>
        <line num="54" count="4" type="stmt"/>
        <line num="56" count="4" type="cond" truecount="1" falsecount="0"/>
        <line num="57" count="1" type="stmt"/>
        <line num="60" count="3" type="stmt"/>
        <line num="62" count="3" type="cond" truecount="3" falsecount="0"/>
        <line num="63" count="1" type="stmt"/>
        <line num="66" count="2" type="stmt"/>
        <line num="68" count="2" type="cond" truecount="3" falsecount="0"/>
        <line num="69" count="1" type="stmt"/>
        <line num="73" count="1" type="stmt"/>
        <line num="77" count="1" type="stmt"/>
        <line num="79" count="3" type="stmt"/>
        <line num="84" count="8" type="stmt"/>
        <line num="86" count="8" type="stmt"/>
        <line num="89" count="8" type="stmt"/>
      </file>
      <file name="comment.ts" path="C:\Users\jelli\OneDrive\Desktop\CS4530\fall24-team-project-group-110\server\controller\comment.ts">
        <metrics statements="37" coveredstatements="37" conditionals="24" coveredconditionals="24" methods="4" coveredmethods="4"/>
        <line num="1" count="8" type="stmt"/>
        <line num="2" count="8" type="stmt"/>
        <line num="4" count="8" type="stmt"/>
        <line num="6" count="8" type="stmt"/>
        <line num="7" count="8" type="stmt"/>
        <line num="16" count="8" type="stmt"/>
        <line num="17" count="14" type="cond" truecount="8" falsecount="0"/>
        <line num="32" count="8" type="stmt"/>
        <line num="33" count="6" type="cond" truecount="6" falsecount="0"/>
        <line num="50" count="8" type="stmt"/>
        <line num="51" count="14" type="cond" truecount="1" falsecount="0"/>
        <line num="52" count="7" type="stmt"/>
        <line num="53" count="7" type="stmt"/>
        <line num="56" count="7" type="stmt"/>
        <line num="58" count="7" type="cond" truecount="1" falsecount="0"/>
        <line num="59" count="1" type="stmt"/>
        <line num="60" count="1" type="stmt"/>
        <line num="63" count="6" type="stmt"/>
        <line num="65" count="6" type="cond" truecount="1" falsecount="0"/>
        <line num="66" count="1" type="stmt"/>
        <line num="67" count="1" type="stmt"/>
        <line num="70" count="5" type="stmt"/>
        <line num="71" count="5" type="stmt"/>
        <line num="73" count="5" type="cond" truecount="1" falsecount="0"/>
        <line num="74" count="1" type="stmt"/>
        <line num="77" count="4" type="stmt"/>
        <line num="79" count="4" type="cond" truecount="3" falsecount="0"/>
        <line num="80" count="1" type="stmt"/>
        <line num="85" count="3" type="stmt"/>
        <line num="87" count="3" type="cond" truecount="3" falsecount="0"/>
        <line num="88" count="1" type="stmt"/>
        <line num="91" count="2" type="stmt"/>
        <line num="95" count="2" type="stmt"/>
        <line num="97" count="3" type="stmt"/>
        <line num="101" count="8" type="stmt"/>
        <line num="103" count="8" type="stmt"/>
        <line num="106" count="8" type="stmt"/>
      </file>
      <file name="question.ts" path="C:\Users\jelli\OneDrive\Desktop\CS4530\fall24-team-project-group-110\server\controller\question.ts">
        <metrics statements="84" coveredstatements="80" conditionals="36" coveredconditionals="32" methods="8" coveredmethods="8"/>
        <line num="1" count="8" type="stmt"/>
        <line num="2" count="8" type="stmt"/>
        <line num="11" count="8" type="stmt"/>
        <line num="22" count="8" type="stmt"/>
        <line num="23" count="8" type="stmt"/>
        <line num="34" count="8" type="stmt"/>
        <line num="35" count="4" type="stmt"/>
        <line num="36" count="4" type="stmt"/>
        <line num="37" count="4" type="stmt"/>
        <line num="38" count="4" type="stmt"/>
        <line num="39" count="4" type="stmt"/>
        <line num="41" count="3" type="cond" truecount="0" falsecount="1"/>
        <line num="42" count="0" type="stmt"/>
        <line num="45" count="3" type="stmt"/>
        <line num="46" count="2" type="stmt"/>
        <line num="48" count="2" type="cond" truecount="1" falsecount="1"/>
        <line num="49" count="2" type="stmt"/>
        <line num="51" count="0" type="stmt"/>
        <line num="65" count="8" type="stmt"/>
        <line num="66" count="6" type="stmt"/>
        <line num="67" count="6" type="stmt"/>
        <line num="69" count="6" type="cond" truecount="1" falsecount="0"/>
        <line num="70" count="1" type="stmt"/>
        <line num="71" count="1" type="stmt"/>
        <line num="74" count="5" type="cond" truecount="1" falsecount="0"/>
        <line num="75" count="1" type="stmt"/>
        <line num="76" count="1" type="stmt"/>
        <line num="79" count="4" type="stmt"/>
        <line num="80" count="4" type="stmt"/>
        <line num="82" count="4" type="cond" truecount="3" falsecount="0"/>
        <line num="83" count="2" type="stmt"/>
        <line num="84" count="2" type="stmt"/>
        <line num="85" count="2" type="stmt"/>
        <line num="88" count="2" type="stmt"/>
        <line num="90" count="2" type="cond" truecount="1" falsecount="1"/>
        <line num="91" count="2" type="stmt"/>
        <line num="93" count="0" type="stmt"/>
        <line num="105" count="8" type="stmt"/>
        <line num="106" count="9" type="cond" truecount="10" falsecount="0"/>
        <line num="126" count="8" type="stmt"/>
        <line num="127" count="9" type="cond" truecount="1" falsecount="0"/>
        <line num="128" count="4" type="stmt"/>
        <line num="129" count="4" type="stmt"/>
        <line num="131" count="5" type="stmt"/>
        <line num="132" count="5" type="stmt"/>
        <line num="133" count="5" type="stmt"/>
        <line num="137" count="5" type="cond" truecount="1" falsecount="0"/>
        <line num="138" count="1" type="stmt"/>
        <line num="140" count="4" type="stmt"/>
        <line num="141" count="4" type="cond" truecount="1" falsecount="0"/>
        <line num="142" count="1" type="stmt"/>
        <line num="146" count="3" type="stmt"/>
        <line num="148" count="3" type="cond" truecount="3" falsecount="0"/>
        <line num="149" count="1" type="stmt"/>
        <line num="152" count="2" type="stmt"/>
        <line num="153" count="2" type="stmt"/>
        <line num="155" count="3" type="cond" truecount="1" falsecount="1"/>
        <line num="156" count="3" type="stmt"/>
        <line num="158" count="0" type="stmt"/>
        <line num="172" count="8" type="stmt"/>
        <line num="177" count="14" type="cond" truecount="3" falsecount="0"/>
        <line num="178" count="4" type="stmt"/>
        <line num="179" count="4" type="stmt"/>
        <line num="182" count="10" type="stmt"/>
        <line num="184" count="10" type="stmt"/>
        <line num="186" count="10" type="cond" truecount="2" falsecount="0"/>
        <line num="187" count="5" type="stmt"/>
        <line num="189" count="5" type="stmt"/>
        <line num="192" count="10" type="cond" truecount="3" falsecount="0"/>
        <line num="193" count="2" type="stmt"/>
        <line num="197" count="8" type="stmt"/>
        <line num="198" count="8" type="stmt"/>
        <line num="200" count="2" type="stmt"/>
        <line num="213" count="8" type="stmt"/>
        <line num="214" count="7" type="stmt"/>
        <line num="226" count="8" type="stmt"/>
        <line num="227" count="7" type="stmt"/>
        <line num="231" count="8" type="stmt"/>
        <line num="232" count="8" type="stmt"/>
        <line num="233" count="8" type="stmt"/>
        <line num="234" count="8" type="stmt"/>
        <line num="235" count="8" type="stmt"/>
        <line num="237" count="8" type="stmt"/>
        <line num="240" count="8" type="stmt"/>
      </file>
      <file name="tag.ts" path="C:\Users\jelli\OneDrive\Desktop\CS4530\fall24-team-project-group-110\server\controller\tag.ts">
        <metrics statements="25" coveredstatements="25" conditionals="4" coveredconditionals="4" methods="4" coveredmethods="4"/>
        <line num="1" count="8" type="stmt"/>
        <line num="2" count="8" type="stmt"/>
        <line num="3" count="8" type="stmt"/>
        <line num="5" count="8" type="stmt"/>
        <line num="6" count="8" type="stmt"/>
        <line num="17" count="8" type="stmt"/>
        <line num="18" count="3" type="stmt"/>
        <line num="19" count="3" type="stmt"/>
        <line num="20" count="2" type="cond" truecount="2" falsecount="0"/>
        <line num="21" count="1" type="stmt"/>
        <line num="23" count="1" type="stmt"/>
        <line num="24" count="2" type="stmt"/>
        <line num="31" count="2" type="stmt"/>
        <line num="44" count="8" type="stmt"/>
        <line num="45" count="3" type="stmt"/>
        <line num="46" count="3" type="stmt"/>
        <line num="47" count="3" type="stmt"/>
        <line num="49" count="2" type="cond" truecount="2" falsecount="0"/>
        <line num="50" count="1" type="stmt"/>
        <line num="52" count="1" type="stmt"/>
        <line num="55" count="1" type="stmt"/>
        <line num="60" count="8" type="stmt"/>
        <line num="61" count="8" type="stmt"/>
        <line num="63" count="8" type="stmt"/>
        <line num="66" count="8" type="stmt"/>
      </file>
      <file name="user.ts" path="C:\Users\jelli\OneDrive\Desktop\CS4530\fall24-team-project-group-110\server\controller\user.ts">
        <metrics statements="27" coveredstatements="25" conditionals="21" coveredconditionals="19" methods="4" coveredmethods="4"/>
        <line num="1" count="8" type="stmt"/>
        <line num="3" count="8" type="stmt"/>
        <line num="5" count="8" type="stmt"/>
        <line num="6" count="8" type="stmt"/>
        <line num="15" count="8" type="stmt"/>
        <line num="16" count="4" type="cond" truecount="5" falsecount="0"/>
        <line num="29" count="8" type="stmt"/>
        <line num="30" count="3" type="cond" truecount="11" falsecount="0"/>
        <line num="50" count="8" type="stmt"/>
        <line num="51" count="4" type="cond" truecount="1" falsecount="0"/>
        <line num="52" count="1" type="stmt"/>
        <line num="53" count="1" type="stmt"/>
        <line num="56" count="3" type="cond" truecount="1" falsecount="0"/>
        <line num="57" count="1" type="stmt"/>
        <line num="58" count="1" type="stmt"/>
        <line num="61" count="2" type="stmt"/>
        <line num="62" count="2" type="stmt"/>
        <line num="63" count="2" type="stmt"/>
        <line num="64" count="1" type="cond" truecount="0" falsecount="1"/>
        <line num="65" count="0" type="stmt"/>
        <line num="68" count="1" type="stmt"/>
        <line num="70" count="1" type="cond" truecount="1" falsecount="1"/>
        <line num="71" count="1" type="stmt"/>
        <line num="73" count="0" type="stmt"/>
        <line num="78" count="8" type="stmt"/>
        <line num="80" count="8" type="stmt"/>
        <line num="83" count="8" type="stmt"/>
      </file>
    </package>
    <package name="server.data">
      <metrics statements="40" coveredstatements="40" conditionals="0" coveredconditionals="0" methods="0" coveredmethods="0"/>
      <file name="posts_strings.ts" path="C:\Users\jelli\OneDrive\Desktop\CS4530\fall24-team-project-group-110\server\data\posts_strings.ts">
        <metrics statements="40" coveredstatements="40" conditionals="0" coveredconditionals="0" methods="0" coveredmethods="0"/>
        <line num="1" count="1" type="stmt"/>
        <line num="2" count="1" type="stmt"/>
        <line num="5" count="1" type="stmt"/>
        <line num="7" count="1" type="stmt"/>
        <line num="10" count="1" type="stmt"/>
        <line num="11" count="1" type="stmt"/>
        <line num="14" count="1" type="stmt"/>
        <line num="15" count="1" type="stmt"/>
        <line num="18" count="1" type="stmt"/>
        <line num="20" count="1" type="stmt"/>
        <line num="22" count="1" type="stmt"/>
        <line num="24" count="1" type="stmt"/>
        <line num="26" count="1" type="stmt"/>
        <line num="27" count="1" type="stmt"/>
        <line num="28" count="1" type="stmt"/>
        <line num="29" count="1" type="stmt"/>
        <line num="31" count="1" type="stmt"/>
        <line num="32" count="1" type="stmt"/>
        <line num="35" count="1" type="stmt"/>
        <line num="36" count="1" type="stmt"/>
        <line num="39" count="1" type="stmt"/>
        <line num="40" count="1" type="stmt"/>
        <line num="43" count="1" type="stmt"/>
        <line num="44" count="1" type="stmt"/>
        <line num="47" count="1" type="stmt"/>
        <line num="48" count="1" type="stmt"/>
        <line num="51" count="1" type="stmt"/>
        <line num="52" count="1" type="stmt"/>
        <line num="55" count="1" type="stmt"/>
        <line num="57" count="1" type="stmt"/>
        <line num="59" count="1" type="stmt"/>
        <line num="61" count="1" type="stmt"/>
        <line num="63" count="1" type="stmt"/>
        <line num="65" count="1" type="stmt"/>
        <line num="67" count="1" type="stmt"/>
        <line num="69" count="1" type="stmt"/>
        <line num="71" count="1" type="stmt"/>
        <line num="73" count="1" type="stmt"/>
        <line num="75" count="1" type="stmt"/>
        <line num="77" count="1" type="stmt"/>
      </file>
    </package>
    <package name="server.models">
      <metrics statements="214" coveredstatements="195" conditionals="79" coveredconditionals="71" methods="40" coveredmethods="38"/>
      <file name="answers.ts" path="C:\Users\jelli\OneDrive\Desktop\CS4530\fall24-team-project-group-110\server\models\answers.ts">
        <metrics statements="4" coveredstatements="4" conditionals="0" coveredconditionals="0" methods="0" coveredmethods="0"/>
        <line num="1" count="9" type="stmt"/>
        <line num="2" count="9" type="stmt"/>
        <line num="14" count="9" type="stmt"/>
        <line num="16" count="9" type="stmt"/>
      </file>
      <file name="application.ts" path="C:\Users\jelli\OneDrive\Desktop\CS4530\fall24-team-project-group-110\server\models\application.ts">
        <metrics statements="194" coveredstatements="175" conditionals="79" coveredconditionals="71" methods="40" coveredmethods="38"/>
        <line num="1" count="9" type="stmt"/>
        <line num="15" count="9" type="stmt"/>
        <line num="16" count="9" type="stmt"/>
        <line num="17" count="9" type="stmt"/>
        <line num="18" count="9" type="stmt"/>
        <line num="19" count="9" type="stmt"/>
        <line num="28" count="9" type="stmt"/>
        <line num="29" count="8" type="cond" truecount="2" falsecount="0"/>
        <line num="38" count="9" type="stmt"/>
        <line num="39" count="8" type="cond" truecount="2" falsecount="0"/>
        <line num="49" count="9" type="stmt"/>
        <line num="50" count="15" type="stmt"/>
        <line num="51" count="18" type="stmt"/>
        <line num="52" count="12" type="cond" truecount="1" falsecount="0"/>
        <line num="53" count="6" type="stmt"/>
        <line num="58" count="9" type="stmt"/>
        <line num="69" count="9" type="stmt"/>
        <line num="70" count="8" type="stmt"/>
        <line num="71" count="8" type="cond" truecount="3" falsecount="0"/>
        <line num="72" count="2" type="stmt"/>
        <line num="76" count="6" type="stmt"/>
        <line num="86" count="9" type="stmt"/>
        <line num="87" count="6" type="stmt"/>
        <line num="88" count="18" type="cond" truecount="1" falsecount="0"/>
        <line num="89" count="13" type="stmt"/>
        <line num="92" count="5" type="cond" truecount="1" falsecount="0"/>
        <line num="93" count="4" type="stmt"/>
        <line num="96" count="1" type="stmt"/>
        <line num="106" count="9" type="stmt"/>
        <line num="107" count="4" type="stmt"/>
        <line num="115" count="9" type="stmt"/>
        <line num="117" count="8" type="stmt"/>
        <line num="118" count="8" type="stmt"/>
        <line num="119" count="13" type="cond" truecount="1" falsecount="0"/>
        <line num="120" count="13" type="stmt"/>
        <line num="121" count="13" type="cond" truecount="3" falsecount="0"/>
        <line num="122" count="10" type="stmt"/>
        <line num="135" count="9" type="stmt"/>
        <line num="136" count="2" type="stmt"/>
        <line num="137" count="2" type="stmt"/>
        <line num="138" count="8" type="stmt"/>
        <line num="141" count="2" type="stmt"/>
        <line num="142" count="12" type="stmt"/>
        <line num="143" count="12" type="stmt"/>
        <line num="144" count="12" type="cond" truecount="1" falsecount="0"/>
        <line num="145" count="2" type="stmt"/>
        <line num="147" count="10" type="cond" truecount="1" falsecount="0"/>
        <line num="148" count="3" type="stmt"/>
        <line num="150" count="7" type="cond" truecount="1" falsecount="0"/>
        <line num="151" count="3" type="stmt"/>
        <line num="153" count="4" type="cond" truecount="1" falsecount="0"/>
        <line num="154" count="1" type="stmt"/>
        <line num="156" count="3" type="stmt"/>
        <line num="169" count="9" type="stmt"/>
        <line num="170" count="6" type="stmt"/>
        <line num="179" count="9" type="stmt"/>
        <line num="180" count="8" type="stmt"/>
        <line num="182" count="8" type="stmt"/>
        <line num="184" count="7" type="cond" truecount="1" falsecount="0"/>
        <line num="185" count="1" type="stmt"/>
        <line num="189" count="6" type="stmt"/>
        <line num="190" count="6" type="stmt"/>
        <line num="192" count="3" type="stmt"/>
        <line num="194" count="4" type="stmt"/>
        <line num="205" count="9" type="stmt"/>
        <line num="206" count="7" type="stmt"/>
        <line num="207" count="7" type="stmt"/>
        <line num="208" count="7" type="cond" truecount="1" falsecount="0"/>
        <line num="209" count="2" type="stmt"/>
        <line num="213" count="2" type="stmt"/>
        <line num="215" count="5" type="stmt"/>
        <line num="216" count="4" type="cond" truecount="1" falsecount="0"/>
        <line num="217" count="1" type="stmt"/>
        <line num="219" count="3" type="cond" truecount="1" falsecount="0"/>
        <line num="220" count="2" type="stmt"/>
        <line num="222" count="1" type="stmt"/>
        <line num="224" count="2" type="stmt"/>
        <line num="236" count="9" type="stmt"/>
        <line num="237" count="6" type="stmt"/>
        <line num="247" count="9" type="stmt"/>
        <line num="248" count="8" type="stmt"/>
        <line num="249" count="8" type="stmt"/>
        <line num="251" count="8" type="cond" truecount="3" falsecount="0"/>
        <line num="252" count="2" type="stmt"/>
        <line num="254" count="6" type="stmt"/>
        <line num="255" count="24" type="cond" truecount="3" falsecount="0"/>
        <line num="256" count="4" type="stmt"/>
        <line num="259" count="20" type="cond" truecount="1" falsecount="0"/>
        <line num="260" count="12" type="stmt"/>
        <line num="263" count="8" type="cond" truecount="1" falsecount="0"/>
        <line num="264" count="4" type="stmt"/>
        <line num="267" count="4" type="cond" truecount="2" falsecount="0"/>
        <line num="280" count="9" type="stmt"/>
        <line num="284" count="0" type="stmt"/>
        <line num="285" count="0" type="cond" truecount="0" falsecount="1"/>
        <line num="286" count="0" type="stmt"/>
        <line num="289" count="0" type="stmt"/>
        <line num="291" count="0" type="cond" truecount="0" falsecount="2"/>
        <line num="292" count="0" type="stmt"/>
        <line num="304" count="0" type="cond" truecount="0" falsecount="1"/>
        <line num="305" count="0" type="stmt"/>
        <line num="309" count="0" type="cond" truecount="0" falsecount="1"/>
        <line num="310" count="0" type="stmt"/>
        <line num="312" count="0" type="stmt"/>
        <line num="314" count="0" type="stmt"/>
        <line num="327" count="9" type="stmt"/>
        <line num="331" count="4" type="stmt"/>
        <line num="332" count="4" type="stmt"/>
        <line num="348" count="3" type="stmt"/>
        <line num="350" count="1" type="stmt"/>
        <line num="361" count="9" type="stmt"/>
        <line num="362" count="1" type="stmt"/>
        <line num="363" count="1" type="stmt"/>
        <line num="364" count="1" type="stmt"/>
        <line num="366" count="0" type="stmt"/>
        <line num="377" count="9" type="stmt"/>
        <line num="378" count="1" type="stmt"/>
        <line num="379" count="1" type="stmt"/>
        <line num="380" count="1" type="stmt"/>
        <line num="382" count="0" type="stmt"/>
        <line num="393" count="9" type="stmt"/>
        <line num="394" count="1" type="stmt"/>
        <line num="395" count="1" type="stmt"/>
        <line num="396" count="1" type="stmt"/>
        <line num="398" count="0" type="stmt"/>
        <line num="407" count="9" type="stmt"/>
        <line num="408" count="0" type="stmt"/>
        <line num="409" count="0" type="stmt"/>
        <line num="410" count="0" type="stmt"/>
        <line num="412" count="0" type="stmt"/>
        <line num="425" count="9" type="stmt"/>
        <line num="426" count="4" type="stmt"/>
        <line num="428" count="8" type="stmt"/>
        <line num="431" count="4" type="stmt"/>
        <line num="432" count="12" type="stmt"/>
        <line num="436" count="4" type="stmt"/>
        <line num="438" count="8" type="stmt"/>
        <line num="440" count="6" type="cond" truecount="1" falsecount="0"/>
        <line num="441" count="2" type="stmt"/>
        <line num="444" count="4" type="stmt"/>
        <line num="445" count="4" type="cond" truecount="1" falsecount="0"/>
        <line num="446" count="2" type="stmt"/>
        <line num="450" count="2" type="stmt"/>
        <line num="454" count="2" type="stmt"/>
        <line num="457" count="2" type="cond" truecount="1" falsecount="1"/>
        <line num="459" count="2" type="stmt"/>
        <line num="460" count="2" type="stmt"/>
        <line num="474" count="9" type="stmt"/>
        <line num="481" count="12" type="cond" truecount="2" falsecount="0"/>
        <line num="482" count="6" type="stmt"/>
        <line num="503" count="6" type="stmt"/>
        <line num="525" count="12" type="stmt"/>
        <line num="526" count="12" type="stmt"/>
        <line num="530" count="8" type="cond" truecount="1" falsecount="0"/>
        <line num="531" count="2" type="stmt"/>
        <line num="534" count="6" type="stmt"/>
        <line num="536" count="6" type="cond" truecount="2" falsecount="0"/>
        <line num="537" count="3" type="cond" truecount="2" falsecount="0"/>
        <line num="541" count="3" type="cond" truecount="2" falsecount="0"/>
        <line num="546" count="6" type="stmt"/>
        <line num="552" count="4" type="stmt"/>
        <line num="569" count="9" type="stmt"/>
        <line num="570" count="4" type="stmt"/>
        <line num="571" count="4" type="cond" truecount="5" falsecount="0"/>
        <line num="572" count="1" type="stmt"/>
        <line num="574" count="3" type="stmt"/>
        <line num="579" count="2" type="cond" truecount="1" falsecount="0"/>
        <line num="580" count="1" type="stmt"/>
        <line num="582" count="1" type="stmt"/>
        <line num="584" count="3" type="stmt"/>
        <line num="597" count="9" type="stmt"/>
        <line num="602" count="5" type="stmt"/>
        <line num="603" count="5" type="cond" truecount="5" falsecount="0"/>
        <line num="604" count="1" type="stmt"/>
        <line num="607" count="4" type="cond" truecount="2" falsecount="0"/>
        <line num="608" count="2" type="stmt"/>
        <line num="614" count="2" type="stmt"/>
        <line num="620" count="3" type="cond" truecount="1" falsecount="0"/>
        <line num="621" count="1" type="stmt"/>
        <line num="623" count="2" type="stmt"/>
        <line num="625" count="3" type="stmt"/>
        <line num="635" count="9" type="stmt"/>
        <line num="636" count="6" type="stmt"/>
        <line num="637" count="6" type="stmt"/>
        <line num="638" count="5" type="stmt"/>
        <line num="643" count="4" type="cond" truecount="3" falsecount="0"/>
        <line num="644" count="2" type="stmt"/>
        <line num="647" count="4" type="stmt"/>
        <line num="649" count="2" type="cond" truecount="4" falsecount="0"/>
        <line num="650" count="1" type="stmt"/>
        <line num="651" count="4" type="stmt"/>
        <line num="652" count="4" type="cond" truecount="2" falsecount="0"/>
        <line num="657" count="2" type="stmt"/>
        <line num="659" count="2" type="stmt"/>
      </file>
      <file name="comments.ts" path="C:\Users\jelli\OneDrive\Desktop\CS4530\fall24-team-project-group-110\server\models\comments.ts">
        <metrics statements="4" coveredstatements="4" conditionals="0" coveredconditionals="0" methods="0" coveredmethods="0"/>
        <line num="1" count="9" type="stmt"/>
        <line num="2" count="9" type="stmt"/>
        <line num="14" count="9" type="stmt"/>
        <line num="16" count="9" type="stmt"/>
      </file>
      <file name="questions.ts" path="C:\Users\jelli\OneDrive\Desktop\CS4530\fall24-team-project-group-110\server\models\questions.ts">
        <metrics statements="4" coveredstatements="4" conditionals="0" coveredconditionals="0" methods="0" coveredmethods="0"/>
        <line num="2" count="9" type="stmt"/>
        <line num="3" count="9" type="stmt"/>
        <line num="15" count="9" type="stmt"/>
        <line num="17" count="9" type="stmt"/>
      </file>
      <file name="tags.ts" path="C:\Users\jelli\OneDrive\Desktop\CS4530\fall24-team-project-group-110\server\models\tags.ts">
        <metrics statements="4" coveredstatements="4" conditionals="0" coveredconditionals="0" methods="0" coveredmethods="0"/>
        <line num="1" count="9" type="stmt"/>
        <line num="2" count="9" type="stmt"/>
        <line num="14" count="9" type="stmt"/>
        <line num="16" count="9" type="stmt"/>
      </file>
      <file name="users.ts" path="C:\Users\jelli\OneDrive\Desktop\CS4530\fall24-team-project-group-110\server\models\users.ts">
        <metrics statements="4" coveredstatements="4" conditionals="0" coveredconditionals="0" methods="0" coveredmethods="0"/>
        <line num="2" count="9" type="stmt"/>
        <line num="3" count="9" type="stmt"/>
        <line num="15" count="9" type="stmt"/>
        <line num="17" count="9" type="stmt"/>
      </file>
    </package>
    <package name="server.models.schema">
      <metrics statements="15" coveredstatements="15" conditionals="0" coveredconditionals="0" methods="0" coveredmethods="0"/>
      <file name="answer.ts" path="C:\Users\jelli\OneDrive\Desktop\CS4530\fall24-team-project-group-110\server\models\schema\answer.ts">
        <metrics statements="3" coveredstatements="3" conditionals="0" coveredconditionals="0" methods="0" coveredmethods="0"/>
        <line num="1" count="9" type="stmt"/>
        <line num="12" count="9" type="stmt"/>
        <line num="28" count="9" type="stmt"/>
      </file>
      <file name="comment.ts" path="C:\Users\jelli\OneDrive\Desktop\CS4530\fall24-team-project-group-110\server\models\schema\comment.ts">
        <metrics statements="3" coveredstatements="3" conditionals="0" coveredconditionals="0" methods="0" coveredmethods="0"/>
        <line num="1" count="9" type="stmt"/>
        <line num="12" count="9" type="stmt"/>
        <line num="27" count="9" type="stmt"/>
      </file>
      <file name="question.ts" path="C:\Users\jelli\OneDrive\Desktop\CS4530\fall24-team-project-group-110\server\models\schema\question.ts">
        <metrics statements="3" coveredstatements="3" conditionals="0" coveredconditionals="0" methods="0" coveredmethods="0"/>
        <line num="1" count="9" type="stmt"/>
        <line num="18" count="9" type="stmt"/>
        <line num="42" count="9" type="stmt"/>
      </file>
      <file name="tag.ts" path="C:\Users\jelli\OneDrive\Desktop\CS4530\fall24-team-project-group-110\server\models\schema\tag.ts">
        <metrics statements="3" coveredstatements="3" conditionals="0" coveredconditionals="0" methods="0" coveredmethods="0"/>
        <line num="1" count="9" type="stmt"/>
        <line num="11" count="9" type="stmt"/>
        <line num="25" count="9" type="stmt"/>
      </file>
      <file name="user.ts" path="C:\Users\jelli\OneDrive\Desktop\CS4530\fall24-team-project-group-110\server\models\schema\user.ts">
        <metrics statements="3" coveredstatements="3" conditionals="0" coveredconditionals="0" methods="0" coveredmethods="0"/>
        <line num="1" count="9" type="stmt"/>
        <line num="20" count="9" type="stmt"/>
        <line num="53" count="9" type="stmt"/>
      </file>
    </package>
  </project>
</coverage>
