{"C:\\Users\\jelli\\OneDrive\\Desktop\\CS4530\\fall24-team-project-group-110\\server\\app.ts": {"path":"C:\\Users\\jelli\\OneDrive\\Desktop\\CS4530\\fall24-team-project-group-110\\server\\app.ts","statementMap":{"0":{"start":{"line":79,"column":22},"end":{"line":79,"column":33}},"1":{"start":{"line":5,"column":0},"end":{"line":5,"column":28}},"2":{"start":{"line":6,"column":0},"end":{"line":6,"column":53}},"3":{"start":{"line":7,"column":0},"end":{"line":7,"column":32}},"4":{"start":{"line":8,"column":0},"end":{"line":8,"column":24}},"5":{"start":{"line":9,"column":0},"end":{"line":9,"column":35}},"6":{"start":{"line":10,"column":0},"end":{"line":10,"column":29}},"7":{"start":{"line":12,"column":0},"end":{"line":12,"column":51}},"8":{"start":{"line":13,"column":0},"end":{"line":13,"column":55}},"9":{"start":{"line":14,"column":0},"end":{"line":14,"column":45}},"10":{"start":{"line":15,"column":0},"end":{"line":15,"column":53}},"11":{"start":{"line":17,"column":0},"end":{"line":17,"column":47}},"12":{"start":{"line":19,"column":0},"end":{"line":19,"column":16}},"13":{"start":{"line":21,"column":18},"end":{"line":21,"column":85}},"14":{"start":{"line":22,"column":19},"end":{"line":22,"column":68}},"15":{"start":{"line":23,"column":13},"end":{"line":23,"column":49}},"16":{"start":{"line":25,"column":0},"end":{"line":27,"column":64}},"17":{"start":{"line":27,"column":16},"end":{"line":27,"column":62}},"18":{"start":{"line":29,"column":12},"end":{"line":29,"column":21}},"19":{"start":{"line":79,"column":9},"end":{"line":79,"column":12}},"20":{"start":{"line":30,"column":15},"end":{"line":30,"column":37}},"21":{"start":{"line":79,"column":14},"end":{"line":79,"column":20}},"22":{"start":{"line":31,"column":29},"end":{"line":33,"column":2}},"23":{"start":{"line":36,"column":2},"end":{"line":38,"column":5}},"24":{"start":{"line":37,"column":4},"end":{"line":37,"column":53}},"25":{"start":{"line":41,"column":0},"end":{"line":47,"column":3}},"26":{"start":{"line":42,"column":2},"end":{"line":42,"column":48}},"27":{"start":{"line":44,"column":2},"end":{"line":46,"column":5}},"28":{"start":{"line":45,"column":4},"end":{"line":45,"column":37}},"29":{"start":{"line":49,"column":0},"end":{"line":56,"column":3}},"30":{"start":{"line":50,"column":2},"end":{"line":54,"column":5}},"31":{"start":{"line":51,"column":4},"end":{"line":51,"column":26}},"32":{"start":{"line":52,"column":4},"end":{"line":52,"column":34}},"33":{"start":{"line":53,"column":4},"end":{"line":53,"column":20}},"34":{"start":{"line":55,"column":2},"end":{"line":55,"column":17}},"35":{"start":{"line":58,"column":0},"end":{"line":63,"column":2}},"36":{"start":{"line":65,"column":0},"end":{"line":65,"column":24}},"37":{"start":{"line":67,"column":0},"end":{"line":70,"column":3}},"38":{"start":{"line":68,"column":2},"end":{"line":68,"column":26}},"39":{"start":{"line":69,"column":2},"end":{"line":69,"column":12}},"40":{"start":{"line":72,"column":0},"end":{"line":72,"column":49}},"41":{"start":{"line":73,"column":0},"end":{"line":73,"column":33}},"42":{"start":{"line":74,"column":0},"end":{"line":74,"column":45}},"43":{"start":{"line":75,"column":0},"end":{"line":75,"column":47}},"44":{"start":{"line":76,"column":0},"end":{"line":76,"column":41}}},"fnMap":{"0":{"name":"(anonymous_7)","decl":{"start":{"line":27,"column":9},"end":{"line":27,"column":12}},"loc":{"start":{"line":27,"column":16},"end":{"line":27,"column":62}}},"1":{"name":"startServer","decl":{"start":{"line":35,"column":9},"end":{"line":35,"column":20}},"loc":{"start":{"line":35,"column":20},"end":{"line":39,"column":1}}},"2":{"name":"(anonymous_9)","decl":{"start":{"line":36,"column":22},"end":{"line":36,"column":25}},"loc":{"start":{"line":36,"column":27},"end":{"line":38,"column":3}}},"3":{"name":"(anonymous_10)","decl":{"start":{"line":41,"column":24},"end":{"line":41,"column":30}},"loc":{"start":{"line":41,"column":33},"end":{"line":47,"column":1}}},"4":{"name":"(anonymous_11)","decl":{"start":{"line":44,"column":26},"end":{"line":44,"column":29}},"loc":{"start":{"line":44,"column":31},"end":{"line":46,"column":3}}},"5":{"name":"(anonymous_12)","decl":{"start":{"line":49,"column":21},"end":{"line":49,"column":24}},"loc":{"start":{"line":49,"column":26},"end":{"line":56,"column":1}}},"6":{"name":"(anonymous_13)","decl":{"start":{"line":50,"column":15},"end":{"line":50,"column":18}},"loc":{"start":{"line":50,"column":20},"end":{"line":54,"column":3}}},"7":{"name":"(anonymous_14)","decl":{"start":{"line":67,"column":13},"end":{"line":67,"column":14}},"loc":{"start":{"line":67,"column":45},"end":{"line":70,"column":1}}}},"branchMap":{"0":{"loc":{"start":{"line":21,"column":21},"end":{"line":21,"column":75}},"type":"binary-expr","locations":[{"start":{"line":21,"column":21},"end":{"line":21,"column":44}},{"start":{"line":21,"column":48},"end":{"line":21,"column":75}}]},"1":{"loc":{"start":{"line":22,"column":19},"end":{"line":22,"column":68}},"type":"binary-expr","locations":[{"start":{"line":22,"column":19},"end":{"line":22,"column":41}},{"start":{"line":22,"column":45},"end":{"line":22,"column":68}}]},"2":{"loc":{"start":{"line":23,"column":22},"end":{"line":23,"column":48}},"type":"binary-expr","locations":[{"start":{"line":23,"column":22},"end":{"line":23,"column":38}},{"start":{"line":23,"column":42},"end":{"line":23,"column":48}}]}},"s":{"0":8,"1":8,"2":8,"3":8,"4":8,"5":8,"6":8,"7":8,"8":8,"9":8,"10":8,"11":8,"12":8,"13":8,"14":8,"15":8,"16":8,"17":0,"18":8,"19":8,"20":8,"21":8,"22":8,"23":0,"24":0,"25":8,"26":0,"27":0,"28":0,"29":8,"30":0,"31":0,"32":0,"33":0,"34":0,"35":8,"36":8,"37":8,"38":0,"39":0,"40":8,"41":8,"42":8,"43":8,"44":8},"f":{"0":0,"1":0,"2":0,"3":0,"4":0,"5":0,"6":0,"7":0},"b":{"0":[8,0],"1":[8,0],"2":[8,0]}}
,"C:\\Users\\jelli\\OneDrive\\Desktop\\CS4530\\fall24-team-project-group-110\\server\\controller\\answer.ts": {"path":"C:\\Users\\jelli\\OneDrive\\Desktop\\CS4530\\fall24-team-project-group-110\\server\\controller\\answer.ts","statementMap":{"0":{"start":{"line":1,"column":0},"end":{"line":1,"column":44}},"1":{"start":{"line":3,"column":0},"end":{"line":3,"column":90}},"2":{"start":{"line":5,"column":25},"end":{"line":87,"column":1}},"3":{"start":{"line":6,"column":17},"end":{"line":6,"column":33}},"4":{"start":{"line":16,"column":4},"end":{"line":16,"column":44}},"5":{"start":{"line":27,"column":4},"end":{"line":27,"column":58}},"6":{"start":{"line":40,"column":20},"end":{"line":81,"column":3}},"7":{"start":{"line":41,"column":4},"end":{"line":44,"column":5}},"8":{"start":{"line":42,"column":6},"end":{"line":42,"column":46}},"9":{"start":{"line":43,"column":6},"end":{"line":43,"column":13}},"10":{"start":{"line":45,"column":4},"end":{"line":48,"column":5}},"11":{"start":{"line":46,"column":6},"end":{"line":46,"column":45}},"12":{"start":{"line":47,"column":6},"end":{"line":47,"column":13}},"13":{"start":{"line":50,"column":20},"end":{"line":50,"column":28}},"14":{"start":{"line":51,"column":28},"end":{"line":51,"column":40}},"15":{"start":{"line":53,"column":4},"end":{"line":80,"column":5}},"16":{"start":{"line":54,"column":24},"end":{"line":54,"column":49}},"17":{"start":{"line":56,"column":6},"end":{"line":58,"column":7}},"18":{"start":{"line":57,"column":8},"end":{"line":57,"column":51}},"19":{"start":{"line":60,"column":21},"end":{"line":60,"column":62}},"20":{"start":{"line":62,"column":6},"end":{"line":64,"column":7}},"21":{"start":{"line":63,"column":8},"end":{"line":63,"column":48}},"22":{"start":{"line":66,"column":27},"end":{"line":66,"column":86}},"23":{"start":{"line":68,"column":6},"end":{"line":70,"column":7}},"24":{"start":{"line":69,"column":8},"end":{"line":69,"column":54}},"25":{"start":{"line":73,"column":6},"end":{"line":76,"column":9}},"26":{"start":{"line":77,"column":6},"end":{"line":77,"column":26}},"27":{"start":{"line":79,"column":6},"end":{"line":79,"column":82}},"28":{"start":{"line":84,"column":2},"end":{"line":84,"column":39}},"29":{"start":{"line":86,"column":2},"end":{"line":86,"column":16}},"30":{"start":{"line":89,"column":0},"end":{"line":89,"column":32}}},"fnMap":{"0":{"name":"(anonymous_1)","decl":{"start":{"line":5,"column":25},"end":{"line":5,"column":26}},"loc":{"start":{"line":5,"column":50},"end":{"line":87,"column":1}}},"1":{"name":"isRequestValid","decl":{"start":{"line":15,"column":11},"end":{"line":15,"column":25}},"loc":{"start":{"line":15,"column":44},"end":{"line":17,"column":3}}},"2":{"name":"isAnswerValid","decl":{"start":{"line":26,"column":11},"end":{"line":26,"column":24}},"loc":{"start":{"line":26,"column":36},"end":{"line":28,"column":3}}},"3":{"name":"(anonymous_4)","decl":{"start":{"line":40,"column":20},"end":{"line":40,"column":25}},"loc":{"start":{"line":40,"column":79},"end":{"line":81,"column":3}}}},"branchMap":{"0":{"loc":{"start":{"line":16,"column":11},"end":{"line":16,"column":43}},"type":"binary-expr","locations":[{"start":{"line":16,"column":11},"end":{"line":16,"column":25}},{"start":{"line":16,"column":29},"end":{"line":16,"column":43}}]},"1":{"loc":{"start":{"line":27,"column":11},"end":{"line":27,"column":57}},"type":"binary-expr","locations":[{"start":{"line":27,"column":11},"end":{"line":27,"column":21}},{"start":{"line":27,"column":25},"end":{"line":27,"column":36}},{"start":{"line":27,"column":40},"end":{"line":27,"column":57}}]},"2":{"loc":{"start":{"line":41,"column":4},"end":{"line":44,"column":5}},"type":"if","locations":[{"start":{"line":41,"column":4},"end":{"line":44,"column":5}}]},"3":{"loc":{"start":{"line":45,"column":4},"end":{"line":48,"column":5}},"type":"if","locations":[{"start":{"line":45,"column":4},"end":{"line":48,"column":5}}]},"4":{"loc":{"start":{"line":56,"column":6},"end":{"line":58,"column":7}},"type":"if","locations":[{"start":{"line":56,"column":6},"end":{"line":58,"column":7}}]},"5":{"loc":{"start":{"line":62,"column":6},"end":{"line":64,"column":7}},"type":"if","locations":[{"start":{"line":62,"column":6},"end":{"line":64,"column":7}}]},"6":{"loc":{"start":{"line":62,"column":10},"end":{"line":62,"column":37}},"type":"binary-expr","locations":[{"start":{"line":62,"column":10},"end":{"line":62,"column":16}},{"start":{"line":62,"column":20},"end":{"line":62,"column":37}}]},"7":{"loc":{"start":{"line":68,"column":6},"end":{"line":70,"column":7}},"type":"if","locations":[{"start":{"line":68,"column":6},"end":{"line":70,"column":7}}]},"8":{"loc":{"start":{"line":68,"column":10},"end":{"line":68,"column":49}},"type":"binary-expr","locations":[{"start":{"line":68,"column":10},"end":{"line":68,"column":22}},{"start":{"line":68,"column":26},"end":{"line":68,"column":49}}]}},"s":{"0":8,"1":8,"2":8,"3":8,"4":9,"5":7,"6":8,"7":9,"8":2,"9":2,"10":7,"11":3,"12":3,"13":4,"14":4,"15":4,"16":4,"17":4,"18":1,"19":3,"20":3,"21":1,"22":2,"23":2,"24":1,"25":1,"26":1,"27":3,"28":8,"29":8,"30":8},"f":{"0":8,"1":9,"2":7,"3":9},"b":{"0":[9,7],"1":[7,6,5],"2":[2],"3":[3],"4":[1],"5":[1],"6":[3,3],"7":[1],"8":[2,2]}}
,"C:\\Users\\jelli\\OneDrive\\Desktop\\CS4530\\fall24-team-project-group-110\\server\\controller\\comment.ts": {"path":"C:\\Users\\jelli\\OneDrive\\Desktop\\CS4530\\fall24-team-project-group-110\\server\\controller\\comment.ts","statementMap":{"0":{"start":{"line":1,"column":0},"end":{"line":1,"column":44}},"1":{"start":{"line":2,"column":0},"end":{"line":2,"column":35}},"2":{"start":{"line":4,"column":0},"end":{"line":4,"column":82}},"3":{"start":{"line":6,"column":26},"end":{"line":104,"column":1}},"4":{"start":{"line":7,"column":17},"end":{"line":7,"column":33}},"5":{"start":{"line":16,"column":25},"end":{"line":23,"column":50}},"6":{"start":{"line":17,"column":4},"end":{"line":23,"column":50}},"7":{"start":{"line":32,"column":25},"end":{"line":38,"column":36}},"8":{"start":{"line":33,"column":4},"end":{"line":38,"column":36}},"9":{"start":{"line":50,"column":26},"end":{"line":99,"column":3}},"10":{"start":{"line":51,"column":4},"end":{"line":54,"column":5}},"11":{"start":{"line":52,"column":6},"end":{"line":52,"column":46}},"12":{"start":{"line":53,"column":6},"end":{"line":53,"column":13}},"13":{"start":{"line":56,"column":15},"end":{"line":56,"column":36}},"14":{"start":{"line":58,"column":4},"end":{"line":61,"column":5}},"15":{"start":{"line":59,"column":6},"end":{"line":59,"column":48}},"16":{"start":{"line":60,"column":6},"end":{"line":60,"column":13}},"17":{"start":{"line":63,"column":30},"end":{"line":63,"column":38}},"18":{"start":{"line":65,"column":4},"end":{"line":68,"column":5}},"19":{"start":{"line":66,"column":6},"end":{"line":66,"column":51}},"20":{"start":{"line":67,"column":6},"end":{"line":67,"column":13}},"21":{"start":{"line":70,"column":4},"end":{"line":98,"column":5}},"22":{"start":{"line":71,"column":24},"end":{"line":71,"column":50}},"23":{"start":{"line":73,"column":6},"end":{"line":75,"column":7}},"24":{"start":{"line":74,"column":8},"end":{"line":74,"column":41}},"25":{"start":{"line":77,"column":21},"end":{"line":77,"column":58}},"26":{"start":{"line":79,"column":6},"end":{"line":81,"column":7}},"27":{"start":{"line":80,"column":8},"end":{"line":80,"column":38}},"28":{"start":{"line":85,"column":27},"end":{"line":85,"column":59}},"29":{"start":{"line":87,"column":6},"end":{"line":89,"column":7}},"30":{"start":{"line":88,"column":8},"end":{"line":88,"column":44}},"31":{"start":{"line":91,"column":6},"end":{"line":94,"column":9}},"32":{"start":{"line":95,"column":6},"end":{"line":95,"column":26}},"33":{"start":{"line":97,"column":6},"end":{"line":97,"column":83}},"34":{"start":{"line":101,"column":2},"end":{"line":101,"column":46}},"35":{"start":{"line":103,"column":2},"end":{"line":103,"column":16}},"36":{"start":{"line":106,"column":0},"end":{"line":106,"column":33}}},"fnMap":{"0":{"name":"(anonymous_1)","decl":{"start":{"line":6,"column":26},"end":{"line":6,"column":27}},"loc":{"start":{"line":6,"column":51},"end":{"line":104,"column":1}}},"1":{"name":"(anonymous_2)","decl":{"start":{"line":16,"column":25},"end":{"line":16,"column":26}},"loc":{"start":{"line":17,"column":4},"end":{"line":23,"column":50}}},"2":{"name":"(anonymous_3)","decl":{"start":{"line":32,"column":25},"end":{"line":32,"column":26}},"loc":{"start":{"line":33,"column":4},"end":{"line":38,"column":36}}},"3":{"name":"(anonymous_4)","decl":{"start":{"line":50,"column":26},"end":{"line":50,"column":31}},"loc":{"start":{"line":50,"column":89},"end":{"line":99,"column":3}}}},"branchMap":{"0":{"loc":{"start":{"line":17,"column":4},"end":{"line":23,"column":50}},"type":"binary-expr","locations":[{"start":{"line":17,"column":4},"end":{"line":17,"column":17}},{"start":{"line":18,"column":4},"end":{"line":18,"column":19}},{"start":{"line":19,"column":5},"end":{"line":19,"column":33}},{"start":{"line":19,"column":37},"end":{"line":19,"column":63}},{"start":{"line":20,"column":4},"end":{"line":20,"column":22}},{"start":{"line":21,"column":4},"end":{"line":21,"column":39}},{"start":{"line":22,"column":4},"end":{"line":22,"column":44}},{"start":{"line":23,"column":4},"end":{"line":23,"column":50}}]},"1":{"loc":{"start":{"line":33,"column":4},"end":{"line":38,"column":36}},"type":"binary-expr","locations":[{"start":{"line":33,"column":4},"end":{"line":33,"column":30}},{"start":{"line":34,"column":4},"end":{"line":34,"column":23}},{"start":{"line":35,"column":4},"end":{"line":35,"column":35}},{"start":{"line":36,"column":4},"end":{"line":36,"column":28}},{"start":{"line":37,"column":4},"end":{"line":37,"column":41}},{"start":{"line":38,"column":4},"end":{"line":38,"column":36}}]},"2":{"loc":{"start":{"line":51,"column":4},"end":{"line":54,"column":5}},"type":"if","locations":[{"start":{"line":51,"column":4},"end":{"line":54,"column":5}}]},"3":{"loc":{"start":{"line":58,"column":4},"end":{"line":61,"column":5}},"type":"if","locations":[{"start":{"line":58,"column":4},"end":{"line":61,"column":5}}]},"4":{"loc":{"start":{"line":65,"column":4},"end":{"line":68,"column":5}},"type":"if","locations":[{"start":{"line":65,"column":4},"end":{"line":68,"column":5}}]},"5":{"loc":{"start":{"line":73,"column":6},"end":{"line":75,"column":7}},"type":"if","locations":[{"start":{"line":73,"column":6},"end":{"line":75,"column":7}}]},"6":{"loc":{"start":{"line":79,"column":6},"end":{"line":81,"column":7}},"type":"if","locations":[{"start":{"line":79,"column":6},"end":{"line":81,"column":7}}]},"7":{"loc":{"start":{"line":79,"column":10},"end":{"line":79,"column":37}},"type":"binary-expr","locations":[{"start":{"line":79,"column":10},"end":{"line":79,"column":16}},{"start":{"line":79,"column":20},"end":{"line":79,"column":37}}]},"8":{"loc":{"start":{"line":87,"column":6},"end":{"line":89,"column":7}},"type":"if","locations":[{"start":{"line":87,"column":6},"end":{"line":89,"column":7}}]},"9":{"loc":{"start":{"line":87,"column":10},"end":{"line":87,"column":49}},"type":"binary-expr","locations":[{"start":{"line":87,"column":10},"end":{"line":87,"column":22}},{"start":{"line":87,"column":26},"end":{"line":87,"column":49}}]}},"s":{"0":8,"1":8,"2":8,"3":8,"4":8,"5":8,"6":14,"7":8,"8":6,"9":8,"10":14,"11":7,"12":7,"13":7,"14":7,"15":1,"16":1,"17":6,"18":6,"19":1,"20":1,"21":5,"22":5,"23":5,"24":1,"25":4,"26":4,"27":1,"28":3,"29":3,"30":1,"31":2,"32":2,"33":3,"34":8,"35":8,"36":8},"f":{"0":8,"1":14,"2":6,"3":14},"b":{"0":[14,12,11,5,10,9,8,8],"1":[6,6,5,5,5,5],"2":[7],"3":[1],"4":[1],"5":[1],"6":[1],"7":[4,4],"8":[1],"9":[3,3]}}
,"C:\\Users\\jelli\\OneDrive\\Desktop\\CS4530\\fall24-team-project-group-110\\server\\controller\\question.ts": {"path":"C:\\Users\\jelli\\OneDrive\\Desktop\\CS4530\\fall24-team-project-group-110\\server\\controller\\question.ts","statementMap":{"0":{"start":{"line":1,"column":0},"end":{"line":1,"column":44}},"1":{"start":{"line":2,"column":0},"end":{"line":2,"column":35}},"2":{"start":{"line":11,"column":0},"end":{"line":11,"column":null}},"3":{"start":{"line":22,"column":27},"end":{"line":238,"column":1}},"4":{"start":{"line":23,"column":17},"end":{"line":23,"column":33}},"5":{"start":{"line":34,"column":31},"end":{"line":54,"column":3}},"6":{"start":{"line":35,"column":22},"end":{"line":35,"column":31}},"7":{"start":{"line":36,"column":23},"end":{"line":36,"column":32}},"8":{"start":{"line":37,"column":24},"end":{"line":37,"column":33}},"9":{"start":{"line":38,"column":4},"end":{"line":53,"column":5}},"10":{"start":{"line":39,"column":30},"end":{"line":39,"column":62}},"11":{"start":{"line":41,"column":6},"end":{"line":43,"column":7}},"12":{"start":{"line":42,"column":8},"end":{"line":42,"column":57}},"13":{"start":{"line":45,"column":35},"end":{"line":45,"column":79}},"14":{"start":{"line":46,"column":6},"end":{"line":46,"column":25}},"15":{"start":{"line":48,"column":6},"end":{"line":52,"column":7}},"16":{"start":{"line":49,"column":8},"end":{"line":49,"column":88}},"17":{"start":{"line":51,"column":8},"end":{"line":51,"column":72}},"18":{"start":{"line":65,"column":26},"end":{"line":96,"column":3}},"19":{"start":{"line":66,"column":20},"end":{"line":66,"column":30}},"20":{"start":{"line":67,"column":25},"end":{"line":67,"column":34}},"21":{"start":{"line":69,"column":4},"end":{"line":72,"column":5}},"22":{"start":{"line":70,"column":6},"end":{"line":70,"column":48}},"23":{"start":{"line":71,"column":6},"end":{"line":71,"column":13}},"24":{"start":{"line":74,"column":4},"end":{"line":77,"column":5}},"25":{"start":{"line":75,"column":6},"end":{"line":75,"column":68}},"26":{"start":{"line":76,"column":6},"end":{"line":76,"column":13}},"27":{"start":{"line":79,"column":4},"end":{"line":95,"column":5}},"28":{"start":{"line":80,"column":16},"end":{"line":80,"column":71}},"29":{"start":{"line":82,"column":6},"end":{"line":86,"column":7}},"30":{"start":{"line":83,"column":8},"end":{"line":83,"column":38}},"31":{"start":{"line":84,"column":8},"end":{"line":84,"column":20}},"32":{"start":{"line":85,"column":8},"end":{"line":85,"column":15}},"33":{"start":{"line":88,"column":6},"end":{"line":88,"column":61}},"34":{"start":{"line":90,"column":6},"end":{"line":94,"column":7}},"35":{"start":{"line":91,"column":8},"end":{"line":91,"column":83}},"36":{"start":{"line":93,"column":8},"end":{"line":93,"column":67}},"37":{"start":{"line":105,"column":30},"end":{"line":115,"column":33}},"38":{"start":{"line":106,"column":4},"end":{"line":115,"column":33}},"39":{"start":{"line":126,"column":22},"end":{"line":161,"column":3}},"40":{"start":{"line":127,"column":4},"end":{"line":130,"column":5}},"41":{"start":{"line":128,"column":6},"end":{"line":128,"column":52}},"42":{"start":{"line":129,"column":6},"end":{"line":129,"column":13}},"43":{"start":{"line":131,"column":31},"end":{"line":131,"column":39}},"44":{"start":{"line":132,"column":4},"end":{"line":160,"column":5}},"45":{"start":{"line":133,"column":42},"end":{"line":136,"column":8}},"46":{"start":{"line":137,"column":6},"end":{"line":139,"column":7}},"47":{"start":{"line":138,"column":8},"end":{"line":138,"column":40}},"48":{"start":{"line":140,"column":21},"end":{"line":140,"column":58}},"49":{"start":{"line":141,"column":6},"end":{"line":143,"column":7}},"50":{"start":{"line":142,"column":8},"end":{"line":142,"column":38}},"51":{"start":{"line":146,"column":32},"end":{"line":146,"column":90}},"52":{"start":{"line":148,"column":6},"end":{"line":150,"column":7}},"53":{"start":{"line":149,"column":8},"end":{"line":149,"column":49}},"54":{"start":{"line":152,"column":6},"end":{"line":152,"column":67}},"55":{"start":{"line":153,"column":6},"end":{"line":153,"column":23}},"56":{"start":{"line":155,"column":6},"end":{"line":159,"column":7}},"57":{"start":{"line":156,"column":8},"end":{"line":156,"column":75}},"58":{"start":{"line":158,"column":8},"end":{"line":158,"column":59}},"59":{"start":{"line":172,"column":23},"end":{"line":202,"column":3}},"60":{"start":{"line":177,"column":4},"end":{"line":180,"column":5}},"61":{"start":{"line":178,"column":6},"end":{"line":178,"column":46}},"62":{"start":{"line":179,"column":6},"end":{"line":179,"column":13}},"63":{"start":{"line":182,"column":30},"end":{"line":182,"column":38}},"64":{"start":{"line":184,"column":4},"end":{"line":201,"column":5}},"65":{"start":{"line":186,"column":6},"end":{"line":190,"column":7}},"66":{"start":{"line":187,"column":8},"end":{"line":187,"column":62}},"67":{"start":{"line":189,"column":8},"end":{"line":189,"column":62}},"68":{"start":{"line":192,"column":6},"end":{"line":194,"column":7}},"69":{"start":{"line":193,"column":8},"end":{"line":193,"column":48}},"70":{"start":{"line":197,"column":6},"end":{"line":197,"column":95}},"71":{"start":{"line":198,"column":6},"end":{"line":198,"column":90}},"72":{"start":{"line":200,"column":6},"end":{"line":200,"column":79}},"73":{"start":{"line":213,"column":25},"end":{"line":215,"column":3}},"74":{"start":{"line":214,"column":4},"end":{"line":214,"column":37}},"75":{"start":{"line":226,"column":27},"end":{"line":228,"column":3}},"76":{"start":{"line":227,"column":4},"end":{"line":227,"column":39}},"77":{"start":{"line":231,"column":2},"end":{"line":231,"column":51}},"78":{"start":{"line":232,"column":2},"end":{"line":232,"column":55}},"79":{"start":{"line":233,"column":2},"end":{"line":233,"column":43}},"80":{"start":{"line":234,"column":2},"end":{"line":234,"column":49}},"81":{"start":{"line":235,"column":2},"end":{"line":235,"column":53}},"82":{"start":{"line":237,"column":2},"end":{"line":237,"column":16}},"83":{"start":{"line":240,"column":0},"end":{"line":240,"column":34}}},"fnMap":{"0":{"name":"(anonymous_1)","decl":{"start":{"line":22,"column":27},"end":{"line":22,"column":28}},"loc":{"start":{"line":22,"column":52},"end":{"line":238,"column":1}}},"1":{"name":"(anonymous_2)","decl":{"start":{"line":34,"column":31},"end":{"line":34,"column":36}},"loc":{"start":{"line":34,"column":96},"end":{"line":54,"column":3}}},"2":{"name":"(anonymous_3)","decl":{"start":{"line":65,"column":26},"end":{"line":65,"column":31}},"loc":{"start":{"line":65,"column":95},"end":{"line":96,"column":3}}},"3":{"name":"(anonymous_4)","decl":{"start":{"line":105,"column":30},"end":{"line":105,"column":31}},"loc":{"start":{"line":106,"column":4},"end":{"line":115,"column":33}}},"4":{"name":"(anonymous_5)","decl":{"start":{"line":126,"column":22},"end":{"line":126,"column":27}},"loc":{"start":{"line":126,"column":86},"end":{"line":161,"column":3}}},"5":{"name":"(anonymous_6)","decl":{"start":{"line":172,"column":23},"end":{"line":172,"column":28}},"loc":{"start":{"line":176,"column":21},"end":{"line":202,"column":3}}},"6":{"name":"(anonymous_7)","decl":{"start":{"line":213,"column":25},"end":{"line":213,"column":30}},"loc":{"start":{"line":213,"column":82},"end":{"line":215,"column":3}}},"7":{"name":"(anonymous_8)","decl":{"start":{"line":226,"column":27},"end":{"line":226,"column":32}},"loc":{"start":{"line":226,"column":84},"end":{"line":228,"column":3}}}},"branchMap":{"0":{"loc":{"start":{"line":41,"column":6},"end":{"line":43,"column":7}},"type":"if","locations":[{"start":{"line":41,"column":6},"end":{"line":43,"column":7}}]},"1":{"loc":{"start":{"line":48,"column":6},"end":{"line":52,"column":7}},"type":"if","locations":[{"start":{"line":48,"column":6},"end":{"line":52,"column":7}},{"start":{"line":50,"column":13},"end":{"line":52,"column":7}}]},"2":{"loc":{"start":{"line":69,"column":4},"end":{"line":72,"column":5}},"type":"if","locations":[{"start":{"line":69,"column":4},"end":{"line":72,"column":5}}]},"3":{"loc":{"start":{"line":74,"column":4},"end":{"line":77,"column":5}},"type":"if","locations":[{"start":{"line":74,"column":4},"end":{"line":77,"column":5}}]},"4":{"loc":{"start":{"line":82,"column":6},"end":{"line":86,"column":7}},"type":"if","locations":[{"start":{"line":82,"column":6},"end":{"line":86,"column":7}}]},"5":{"loc":{"start":{"line":82,"column":10},"end":{"line":82,"column":30}},"type":"binary-expr","locations":[{"start":{"line":82,"column":10},"end":{"line":82,"column":11}},{"start":{"line":82,"column":15},"end":{"line":82,"column":30}}]},"6":{"loc":{"start":{"line":90,"column":6},"end":{"line":94,"column":7}},"type":"if","locations":[{"start":{"line":90,"column":6},"end":{"line":94,"column":7}},{"start":{"line":92,"column":13},"end":{"line":94,"column":7}}]},"7":{"loc":{"start":{"line":106,"column":4},"end":{"line":115,"column":33}},"type":"binary-expr","locations":[{"start":{"line":106,"column":4},"end":{"line":106,"column":32}},{"start":{"line":107,"column":4},"end":{"line":107,"column":25}},{"start":{"line":108,"column":4},"end":{"line":108,"column":31}},{"start":{"line":109,"column":4},"end":{"line":109,"column":24}},{"start":{"line":110,"column":4},"end":{"line":110,"column":31}},{"start":{"line":111,"column":4},"end":{"line":111,"column":28}},{"start":{"line":112,"column":4},"end":{"line":112,"column":34}},{"start":{"line":113,"column":4},"end":{"line":113,"column":27}},{"start":{"line":114,"column":4},"end":{"line":114,"column":38}},{"start":{"line":115,"column":4},"end":{"line":115,"column":33}}]},"8":{"loc":{"start":{"line":127,"column":4},"end":{"line":130,"column":5}},"type":"if","locations":[{"start":{"line":127,"column":4},"end":{"line":130,"column":5}}]},"9":{"loc":{"start":{"line":137,"column":6},"end":{"line":139,"column":7}},"type":"if","locations":[{"start":{"line":137,"column":6},"end":{"line":139,"column":7}}]},"10":{"loc":{"start":{"line":141,"column":6},"end":{"line":143,"column":7}},"type":"if","locations":[{"start":{"line":141,"column":6},"end":{"line":143,"column":7}}]},"11":{"loc":{"start":{"line":148,"column":6},"end":{"line":150,"column":7}},"type":"if","locations":[{"start":{"line":148,"column":6},"end":{"line":150,"column":7}}]},"12":{"loc":{"start":{"line":148,"column":10},"end":{"line":148,"column":59}},"type":"binary-expr","locations":[{"start":{"line":148,"column":10},"end":{"line":148,"column":27}},{"start":{"line":148,"column":31},"end":{"line":148,"column":59}}]},"13":{"loc":{"start":{"line":155,"column":6},"end":{"line":159,"column":7}},"type":"if","locations":[{"start":{"line":155,"column":6},"end":{"line":159,"column":7}},{"start":{"line":157,"column":13},"end":{"line":159,"column":7}}]},"14":{"loc":{"start":{"line":177,"column":4},"end":{"line":180,"column":5}},"type":"if","locations":[{"start":{"line":177,"column":4},"end":{"line":180,"column":5}}]},"15":{"loc":{"start":{"line":177,"column":8},"end":{"line":177,"column":43}},"type":"binary-expr","locations":[{"start":{"line":177,"column":8},"end":{"line":177,"column":21}},{"start":{"line":177,"column":25},"end":{"line":177,"column":43}}]},"16":{"loc":{"start":{"line":186,"column":6},"end":{"line":190,"column":7}},"type":"if","locations":[{"start":{"line":186,"column":6},"end":{"line":190,"column":7}},{"start":{"line":188,"column":13},"end":{"line":190,"column":7}}]},"17":{"loc":{"start":{"line":192,"column":6},"end":{"line":194,"column":7}},"type":"if","locations":[{"start":{"line":192,"column":6},"end":{"line":194,"column":7}}]},"18":{"loc":{"start":{"line":192,"column":10},"end":{"line":192,"column":37}},"type":"binary-expr","locations":[{"start":{"line":192,"column":10},"end":{"line":192,"column":16}},{"start":{"line":192,"column":20},"end":{"line":192,"column":37}}]}},"s":{"0":8,"1":8,"2":8,"3":8,"4":8,"5":8,"6":4,"7":4,"8":4,"9":4,"10":4,"11":3,"12":0,"13":3,"14":2,"15":2,"16":2,"17":0,"18":8,"19":6,"20":6,"21":6,"22":1,"23":1,"24":5,"25":1,"26":1,"27":4,"28":4,"29":4,"30":2,"31":2,"32":2,"33":2,"34":2,"35":2,"36":0,"37":8,"38":9,"39":8,"40":9,"41":4,"42":4,"43":5,"44":5,"45":5,"46":5,"47":1,"48":4,"49":4,"50":1,"51":3,"52":3,"53":1,"54":2,"55":2,"56":3,"57":3,"58":0,"59":8,"60":14,"61":4,"62":4,"63":10,"64":10,"65":10,"66":5,"67":5,"68":10,"69":2,"70":8,"71":8,"72":2,"73":8,"74":7,"75":8,"76":7,"77":8,"78":8,"79":8,"80":8,"81":8,"82":8,"83":8},"f":{"0":8,"1":4,"2":6,"3":9,"4":9,"5":14,"6":7,"7":7},"b":{"0":[0],"1":[2,0],"2":[1],"3":[1],"4":[2],"5":[4,2],"6":[2,0],"7":[9,9,8,8,7,7,6,6,5,5],"8":[4],"9":[1],"10":[1],"11":[1],"12":[3,3],"13":[3,0],"14":[4],"15":[14,12],"16":[5,5],"17":[2],"18":[10,10]}}
,"C:\\Users\\jelli\\OneDrive\\Desktop\\CS4530\\fall24-team-project-group-110\\server\\controller\\tag.ts": {"path":"C:\\Users\\jelli\\OneDrive\\Desktop\\CS4530\\fall24-team-project-group-110\\server\\controller\\tag.ts","statementMap":{"0":{"start":{"line":1,"column":0},"end":{"line":1,"column":61}},"1":{"start":{"line":2,"column":0},"end":{"line":2,"column":55}},"2":{"start":{"line":3,"column":0},"end":{"line":3,"column":38}},"3":{"start":{"line":5,"column":22},"end":{"line":64,"column":1}},"4":{"start":{"line":6,"column":25},"end":{"line":6,"column":41}},"5":{"start":{"line":17,"column":36},"end":{"line":33,"column":3}},"6":{"start":{"line":18,"column":4},"end":{"line":32,"column":5}},"7":{"start":{"line":19,"column":26},"end":{"line":19,"column":48}},"8":{"start":{"line":20,"column":6},"end":{"line":29,"column":7}},"9":{"start":{"line":21,"column":8},"end":{"line":21,"column":62}},"10":{"start":{"line":23,"column":8},"end":{"line":28,"column":10}},"11":{"start":{"line":24,"column":71},"end":{"line":27,"column":12}},"12":{"start":{"line":31,"column":6},"end":{"line":31,"column":91}},"13":{"start":{"line":44,"column":23},"end":{"line":57,"column":3}},"14":{"start":{"line":45,"column":4},"end":{"line":56,"column":5}},"15":{"start":{"line":46,"column":23},"end":{"line":46,"column":33}},"16":{"start":{"line":47,"column":18},"end":{"line":47,"column":50}},"17":{"start":{"line":49,"column":6},"end":{"line":53,"column":7}},"18":{"start":{"line":50,"column":8},"end":{"line":50,"column":66}},"19":{"start":{"line":52,"column":8},"end":{"line":52,"column":22}},"20":{"start":{"line":55,"column":6},"end":{"line":55,"column":81}},"21":{"start":{"line":60,"column":2},"end":{"line":60,"column":70}},"22":{"start":{"line":61,"column":2},"end":{"line":61,"column":50}},"23":{"start":{"line":63,"column":2},"end":{"line":63,"column":16}},"24":{"start":{"line":66,"column":0},"end":{"line":66,"column":29}}},"fnMap":{"0":{"name":"(anonymous_1)","decl":{"start":{"line":5,"column":22},"end":{"line":5,"column":25}},"loc":{"start":{"line":5,"column":27},"end":{"line":64,"column":1}}},"1":{"name":"(anonymous_2)","decl":{"start":{"line":17,"column":36},"end":{"line":17,"column":41}},"loc":{"start":{"line":17,"column":87},"end":{"line":33,"column":3}}},"2":{"name":"(anonymous_3)","decl":{"start":{"line":24,"column":34},"end":{"line":24,"column":35}},"loc":{"start":{"line":24,"column":71},"end":{"line":27,"column":12}}},"3":{"name":"(anonymous_4)","decl":{"start":{"line":44,"column":23},"end":{"line":44,"column":28}},"loc":{"start":{"line":44,"column":76},"end":{"line":57,"column":3}}}},"branchMap":{"0":{"loc":{"start":{"line":20,"column":6},"end":{"line":29,"column":7}},"type":"if","locations":[{"start":{"line":20,"column":6},"end":{"line":29,"column":7}},{"start":{"line":22,"column":13},"end":{"line":29,"column":7}}]},"1":{"loc":{"start":{"line":49,"column":6},"end":{"line":53,"column":7}},"type":"if","locations":[{"start":{"line":49,"column":6},"end":{"line":53,"column":7}},{"start":{"line":51,"column":13},"end":{"line":53,"column":7}}]}},"s":{"0":8,"1":8,"2":8,"3":8,"4":8,"5":8,"6":3,"7":3,"8":2,"9":1,"10":1,"11":2,"12":2,"13":8,"14":3,"15":3,"16":3,"17":2,"18":1,"19":1,"20":1,"21":8,"22":8,"23":8,"24":8},"f":{"0":8,"1":3,"2":2,"3":3},"b":{"0":[1,1],"1":[1,1]}}
,"C:\\Users\\jelli\\OneDrive\\Desktop\\CS4530\\fall24-team-project-group-110\\server\\controller\\user.ts": {"path":"C:\\Users\\jelli\\OneDrive\\Desktop\\CS4530\\fall24-team-project-group-110\\server\\controller\\user.ts","statementMap":{"0":{"start":{"line":1,"column":0},"end":{"line":1,"column":44}},"1":{"start":{"line":3,"column":0},"end":{"line":3,"column":67}},"2":{"start":{"line":5,"column":23},"end":{"line":81,"column":1}},"3":{"start":{"line":6,"column":17},"end":{"line":6,"column":33}},"4":{"start":{"line":15,"column":25},"end":{"line":20,"column":23}},"5":{"start":{"line":16,"column":4},"end":{"line":20,"column":23}},"6":{"start":{"line":29,"column":22},"end":{"line":40,"column":28}},"7":{"start":{"line":30,"column":4},"end":{"line":40,"column":28}},"8":{"start":{"line":50,"column":18},"end":{"line":76,"column":3}},"9":{"start":{"line":51,"column":4},"end":{"line":54,"column":5}},"10":{"start":{"line":52,"column":6},"end":{"line":52,"column":51}},"11":{"start":{"line":53,"column":6},"end":{"line":53,"column":13}},"12":{"start":{"line":56,"column":4},"end":{"line":59,"column":5}},"13":{"start":{"line":57,"column":6},"end":{"line":57,"column":43}},"14":{"start":{"line":58,"column":6},"end":{"line":58,"column":13}},"15":{"start":{"line":61,"column":23},"end":{"line":61,"column":31}},"16":{"start":{"line":62,"column":4},"end":{"line":75,"column":5}},"17":{"start":{"line":63,"column":21},"end":{"line":63,"column":41}},"18":{"start":{"line":64,"column":6},"end":{"line":66,"column":7}},"19":{"start":{"line":65,"column":8},"end":{"line":65,"column":38}},"20":{"start":{"line":68,"column":6},"end":{"line":68,"column":23}},"21":{"start":{"line":70,"column":6},"end":{"line":74,"column":7}},"22":{"start":{"line":71,"column":8},"end":{"line":71,"column":71}},"23":{"start":{"line":73,"column":8},"end":{"line":73,"column":55}},"24":{"start":{"line":78,"column":2},"end":{"line":78,"column":35}},"25":{"start":{"line":80,"column":2},"end":{"line":80,"column":16}},"26":{"start":{"line":83,"column":0},"end":{"line":83,"column":30}}},"fnMap":{"0":{"name":"(anonymous_1)","decl":{"start":{"line":5,"column":23},"end":{"line":5,"column":24}},"loc":{"start":{"line":5,"column":48},"end":{"line":81,"column":1}}},"1":{"name":"(anonymous_2)","decl":{"start":{"line":15,"column":25},"end":{"line":15,"column":26}},"loc":{"start":{"line":16,"column":4},"end":{"line":20,"column":23}}},"2":{"name":"(anonymous_3)","decl":{"start":{"line":29,"column":22},"end":{"line":29,"column":23}},"loc":{"start":{"line":30,"column":4},"end":{"line":40,"column":28}}},"3":{"name":"(anonymous_4)","decl":{"start":{"line":50,"column":18},"end":{"line":50,"column":23}},"loc":{"start":{"line":50,"column":78},"end":{"line":76,"column":3}}}},"branchMap":{"0":{"loc":{"start":{"line":16,"column":4},"end":{"line":20,"column":23}},"type":"binary-expr","locations":[{"start":{"line":16,"column":4},"end":{"line":16,"column":24}},{"start":{"line":17,"column":4},"end":{"line":17,"column":23}},{"start":{"line":18,"column":4},"end":{"line":18,"column":24}},{"start":{"line":19,"column":4},"end":{"line":19,"column":22}},{"start":{"line":20,"column":4},"end":{"line":20,"column":23}}]},"1":{"loc":{"start":{"line":30,"column":4},"end":{"line":40,"column":28}},"type":"binary-expr","locations":[{"start":{"line":30,"column":4},"end":{"line":30,"column":25}},{"start":{"line":31,"column":4},"end":{"line":31,"column":24}},{"start":{"line":32,"column":4},"end":{"line":32,"column":32}},{"start":{"line":33,"column":4},"end":{"line":33,"column":30}},{"start":{"line":34,"column":4},"end":{"line":34,"column":31}},{"start":{"line":35,"column":4},"end":{"line":35,"column":28}},{"start":{"line":36,"column":4},"end":{"line":36,"column":31}},{"start":{"line":37,"column":4},"end":{"line":37,"column":31}},{"start":{"line":38,"column":4},"end":{"line":38,"column":26}},{"start":{"line":39,"column":4},"end":{"line":39,"column":30}},{"start":{"line":40,"column":4},"end":{"line":40,"column":28}}]},"2":{"loc":{"start":{"line":51,"column":4},"end":{"line":54,"column":5}},"type":"if","locations":[{"start":{"line":51,"column":4},"end":{"line":54,"column":5}}]},"3":{"loc":{"start":{"line":56,"column":4},"end":{"line":59,"column":5}},"type":"if","locations":[{"start":{"line":56,"column":4},"end":{"line":59,"column":5}}]},"4":{"loc":{"start":{"line":64,"column":6},"end":{"line":66,"column":7}},"type":"if","locations":[{"start":{"line":64,"column":6},"end":{"line":66,"column":7}}]},"5":{"loc":{"start":{"line":70,"column":6},"end":{"line":74,"column":7}},"type":"if","locations":[{"start":{"line":70,"column":6},"end":{"line":74,"column":7}},{"start":{"line":72,"column":13},"end":{"line":74,"column":7}}]}},"s":{"0":8,"1":8,"2":8,"3":8,"4":8,"5":4,"6":8,"7":3,"8":8,"9":4,"10":1,"11":1,"12":3,"13":1,"14":1,"15":2,"16":2,"17":2,"18":1,"19":0,"20":1,"21":1,"22":1,"23":0,"24":8,"25":8,"26":8},"f":{"0":8,"1":4,"2":3,"3":4},"b":{"0":[4,3,3,3,3],"1":[3,3,3,3,3,3,3,3,3,3,3],"2":[1],"3":[1],"4":[0],"5":[1,0]}}
,"C:\\Users\\jelli\\OneDrive\\Desktop\\CS4530\\fall24-team-project-group-110\\server\\data\\posts_strings.ts": {"path":"C:\\Users\\jelli\\OneDrive\\Desktop\\CS4530\\fall24-team-project-group-110\\server\\data\\posts_strings.ts","statementMap":{"0":{"start":{"line":1,"column":13},"end":{"line":1,"column":70}},"1":{"start":{"line":2,"column":13},"end":{"line":3,"column":334}},"2":{"start":{"line":5,"column":13},"end":{"line":6,"column":91}},"3":{"start":{"line":7,"column":13},"end":{"line":8,"column":420}},"4":{"start":{"line":10,"column":13},"end":{"line":10,"column":62}},"5":{"start":{"line":11,"column":13},"end":{"line":12,"column":230}},"6":{"start":{"line":14,"column":13},"end":{"line":14,"column":65}},"7":{"start":{"line":15,"column":13},"end":{"line":16,"column":145}},"8":{"start":{"line":18,"column":13},"end":{"line":19,"column":370}},"9":{"start":{"line":20,"column":13},"end":{"line":21,"column":447}},"10":{"start":{"line":22,"column":13},"end":{"line":23,"column":142}},"11":{"start":{"line":24,"column":13},"end":{"line":25,"column":118}},"12":{"start":{"line":26,"column":13},"end":{"line":26,"column":99}},"13":{"start":{"line":27,"column":13},"end":{"line":27,"column":63}},"14":{"start":{"line":28,"column":13},"end":{"line":28,"column":65}},"15":{"start":{"line":29,"column":13},"end":{"line":29,"column":58}},"16":{"start":{"line":31,"column":13},"end":{"line":31,"column":31}},"17":{"start":{"line":32,"column":13},"end":{"line":33,"column":266}},"18":{"start":{"line":35,"column":13},"end":{"line":35,"column":36}},"19":{"start":{"line":36,"column":13},"end":{"line":37,"column":239}},"20":{"start":{"line":39,"column":13},"end":{"line":39,"column":40}},"21":{"start":{"line":40,"column":13},"end":{"line":41,"column":218}},"22":{"start":{"line":43,"column":13},"end":{"line":43,"column":44}},"23":{"start":{"line":44,"column":13},"end":{"line":45,"column":202}},"24":{"start":{"line":47,"column":13},"end":{"line":47,"column":33}},"25":{"start":{"line":48,"column":13},"end":{"line":49,"column":195}},"26":{"start":{"line":51,"column":13},"end":{"line":51,"column":33}},"27":{"start":{"line":52,"column":13},"end":{"line":53,"column":260}},"28":{"start":{"line":55,"column":13},"end":{"line":56,"column":122}},"29":{"start":{"line":57,"column":13},"end":{"line":58,"column":128}},"30":{"start":{"line":59,"column":13},"end":{"line":60,"column":104}},"31":{"start":{"line":61,"column":13},"end":{"line":62,"column":127}},"32":{"start":{"line":63,"column":13},"end":{"line":64,"column":118}},"33":{"start":{"line":65,"column":13},"end":{"line":66,"column":110}},"34":{"start":{"line":67,"column":13},"end":{"line":68,"column":116}},"35":{"start":{"line":69,"column":13},"end":{"line":70,"column":121}},"36":{"start":{"line":71,"column":13},"end":{"line":72,"column":106}},"37":{"start":{"line":73,"column":13},"end":{"line":74,"column":123}},"38":{"start":{"line":75,"column":13},"end":{"line":76,"column":110}},"39":{"start":{"line":77,"column":13},"end":{"line":78,"column":132}}},"fnMap":{},"branchMap":{},"s":{"0":1,"1":1,"2":1,"3":1,"4":1,"5":1,"6":1,"7":1,"8":1,"9":1,"10":1,"11":1,"12":1,"13":1,"14":1,"15":1,"16":1,"17":1,"18":1,"19":1,"20":1,"21":1,"22":1,"23":1,"24":1,"25":1,"26":1,"27":1,"28":1,"29":1,"30":1,"31":1,"32":1,"33":1,"34":1,"35":1,"36":1,"37":1,"38":1,"39":1},"f":{},"b":{}}
,"C:\\Users\\jelli\\OneDrive\\Desktop\\CS4530\\fall24-team-project-group-110\\server\\models\\answers.ts": {"path":"C:\\Users\\jelli\\OneDrive\\Desktop\\CS4530\\fall24-team-project-group-110\\server\\models\\answers.ts","statementMap":{"0":{"start":{"line":1,"column":0},"end":{"line":1,"column":43}},"1":{"start":{"line":2,"column":0},"end":{"line":2,"column":43}},"2":{"start":{"line":14,"column":35},"end":{"line":14,"column":81}},"3":{"start":{"line":16,"column":0},"end":{"line":16,"column":27}}},"fnMap":{},"branchMap":{},"s":{"0":9,"1":9,"2":9,"3":9},"f":{},"b":{}}
,"C:\\Users\\jelli\\OneDrive\\Desktop\\CS4530\\fall24-team-project-group-110\\server\\models\\application.ts": {"path":"C:\\Users\\jelli\\OneDrive\\Desktop\\CS4530\\fall24-team-project-group-110\\server\\models\\application.ts","statementMap":{"0":{"start":{"line":1,"column":0},"end":{"line":1,"column":35}},"1":{"start":{"line":15,"column":0},"end":{"line":15,"column":36}},"2":{"start":{"line":16,"column":0},"end":{"line":16,"column":40}},"3":{"start":{"line":17,"column":0},"end":{"line":17,"column":30}},"4":{"start":{"line":18,"column":0},"end":{"line":18,"column":38}},"5":{"start":{"line":19,"column":0},"end":{"line":19,"column":32}},"6":{"start":{"line":28,"column":18},"end":{"line":29,"column":70}},"7":{"start":{"line":29,"column":2},"end":{"line":29,"column":70}},"8":{"start":{"line":29,"column":52},"end":{"line":29,"column":69}},"9":{"start":{"line":38,"column":21},"end":{"line":39,"column":62}},"10":{"start":{"line":39,"column":2},"end":{"line":39,"column":62}},"11":{"start":{"line":49,"column":27},"end":{"line":59,"column":1}},"12":{"start":{"line":50,"column":2},"end":{"line":56,"column":3}},"13":{"start":{"line":51,"column":4},"end":{"line":55,"column":5}},"14":{"start":{"line":52,"column":6},"end":{"line":54,"column":7}},"15":{"start":{"line":53,"column":8},"end":{"line":53,"column":20}},"16":{"start":{"line":58,"column":2},"end":{"line":58,"column":15}},"17":{"start":{"line":69,"column":31},"end":{"line":77,"column":1}},"18":{"start":{"line":70,"column":2},"end":{"line":74,"column":3}},"19":{"start":{"line":71,"column":4},"end":{"line":73,"column":5}},"20":{"start":{"line":72,"column":6},"end":{"line":72,"column":18}},"21":{"start":{"line":76,"column":2},"end":{"line":76,"column":15}},"22":{"start":{"line":86,"column":30},"end":{"line":97,"column":4}},"23":{"start":{"line":87,"column":2},"end":{"line":97,"column":4}},"24":{"start":{"line":88,"column":4},"end":{"line":90,"column":5}},"25":{"start":{"line":89,"column":6},"end":{"line":89,"column":16}},"26":{"start":{"line":92,"column":4},"end":{"line":94,"column":5}},"27":{"start":{"line":93,"column":6},"end":{"line":93,"column":15}},"28":{"start":{"line":96,"column":4},"end":{"line":96,"column":13}},"29":{"start":{"line":106,"column":34},"end":{"line":107,"column":66}},"30":{"start":{"line":107,"column":2},"end":{"line":107,"column":66}},"31":{"start":{"line":107,"column":43},"end":{"line":107,"column":65}},"32":{"start":{"line":115,"column":32},"end":{"line":126,"column":1}},"33":{"start":{"line":117,"column":18},"end":{"line":117,"column":46}},"34":{"start":{"line":118,"column":2},"end":{"line":125,"column":5}},"35":{"start":{"line":119,"column":4},"end":{"line":124,"column":5}},"36":{"start":{"line":120,"column":32},"end":{"line":120,"column":64}},"37":{"start":{"line":121,"column":6},"end":{"line":123,"column":7}},"38":{"start":{"line":122,"column":8},"end":{"line":122,"column":60}},"39":{"start":{"line":135,"column":30},"end":{"line":158,"column":1}},"40":{"start":{"line":136,"column":13},"end":{"line":136,"column":22}},"41":{"start":{"line":137,"column":2},"end":{"line":139,"column":5}},"42":{"start":{"line":138,"column":4},"end":{"line":138,"column":35}},"43":{"start":{"line":141,"column":2},"end":{"line":157,"column":5}},"44":{"start":{"line":142,"column":18},"end":{"line":142,"column":43}},"45":{"start":{"line":143,"column":18},"end":{"line":143,"column":43}},"46":{"start":{"line":144,"column":4},"end":{"line":146,"column":5}},"47":{"start":{"line":145,"column":6},"end":{"line":145,"column":15}},"48":{"start":{"line":147,"column":4},"end":{"line":149,"column":5}},"49":{"start":{"line":148,"column":6},"end":{"line":148,"column":16}},"50":{"start":{"line":150,"column":4},"end":{"line":152,"column":5}},"51":{"start":{"line":151,"column":6},"end":{"line":151,"column":16}},"52":{"start":{"line":153,"column":4},"end":{"line":155,"column":5}},"53":{"start":{"line":154,"column":6},"end":{"line":154,"column":15}},"54":{"start":{"line":156,"column":4},"end":{"line":156,"column":13}},"55":{"start":{"line":169,"column":33},"end":{"line":170,"column":78}},"56":{"start":{"line":170,"column":2},"end":{"line":170,"column":78}},"57":{"start":{"line":170,"column":46},"end":{"line":170,"column":77}},"58":{"start":{"line":179,"column":22},"end":{"line":196,"column":1}},"59":{"start":{"line":180,"column":2},"end":{"line":195,"column":3}},"60":{"start":{"line":182,"column":24},"end":{"line":182,"column":66}},"61":{"start":{"line":184,"column":4},"end":{"line":186,"column":5}},"62":{"start":{"line":185,"column":6},"end":{"line":185,"column":32}},"63":{"start":{"line":189,"column":19},"end":{"line":189,"column":36}},"64":{"start":{"line":190,"column":21},"end":{"line":190,"column":40}},"65":{"start":{"line":192,"column":4},"end":{"line":192,"column":27}},"66":{"start":{"line":194,"column":4},"end":{"line":194,"column":16}},"67":{"start":{"line":179,"column":13},"end":{"line":179,"column":22}},"68":{"start":{"line":205,"column":35},"end":{"line":226,"column":1}},"69":{"start":{"line":206,"column":2},"end":{"line":225,"column":3}},"70":{"start":{"line":207,"column":16},"end":{"line":207,"column":18}},"71":{"start":{"line":208,"column":4},"end":{"line":214,"column":5}},"72":{"start":{"line":209,"column":6},"end":{"line":212,"column":9}},"73":{"start":{"line":213,"column":6},"end":{"line":213,"column":42}},"74":{"start":{"line":215,"column":4},"end":{"line":215,"column":85}},"75":{"start":{"line":216,"column":4},"end":{"line":218,"column":5}},"76":{"start":{"line":217,"column":6},"end":{"line":217,"column":46}},"77":{"start":{"line":219,"column":4},"end":{"line":221,"column":5}},"78":{"start":{"line":220,"column":6},"end":{"line":220,"column":42}},"79":{"start":{"line":222,"column":4},"end":{"line":222,"column":43}},"80":{"start":{"line":224,"column":4},"end":{"line":224,"column":14}},"81":{"start":{"line":205,"column":13},"end":{"line":205,"column":35}},"82":{"start":{"line":236,"column":40},"end":{"line":237,"column":42}},"83":{"start":{"line":237,"column":2},"end":{"line":237,"column":42}},"84":{"start":{"line":237,"column":20},"end":{"line":237,"column":41}},"85":{"start":{"line":236,"column":13},"end":{"line":236,"column":40}},"86":{"start":{"line":247,"column":39},"end":{"line":269,"column":1}},"87":{"start":{"line":248,"column":21},"end":{"line":248,"column":38}},"88":{"start":{"line":249,"column":24},"end":{"line":249,"column":44}},"89":{"start":{"line":251,"column":2},"end":{"line":253,"column":3}},"90":{"start":{"line":252,"column":4},"end":{"line":252,"column":14}},"91":{"start":{"line":254,"column":2},"end":{"line":268,"column":5}},"92":{"start":{"line":255,"column":4},"end":{"line":257,"column":5}},"93":{"start":{"line":256,"column":6},"end":{"line":256,"column":18}},"94":{"start":{"line":259,"column":4},"end":{"line":261,"column":5}},"95":{"start":{"line":260,"column":6},"end":{"line":260,"column":47}},"96":{"start":{"line":263,"column":4},"end":{"line":265,"column":5}},"97":{"start":{"line":264,"column":6},"end":{"line":264,"column":54}},"98":{"start":{"line":267,"column":4},"end":{"line":267,"column":89}},"99":{"start":{"line":247,"column":13},"end":{"line":247,"column":39}},"100":{"start":{"line":280,"column":32},"end":{"line":316,"column":1}},"101":{"start":{"line":284,"column":2},"end":{"line":315,"column":3}},"102":{"start":{"line":285,"column":4},"end":{"line":287,"column":5}},"103":{"start":{"line":286,"column":6},"end":{"line":286,"column":60}},"104":{"start":{"line":289,"column":17},"end":{"line":289,"column":21}},"105":{"start":{"line":291,"column":4},"end":{"line":308,"column":5}},"106":{"start":{"line":292,"column":6},"end":{"line":303,"column":9}},"107":{"start":{"line":304,"column":11},"end":{"line":308,"column":5}},"108":{"start":{"line":305,"column":6},"end":{"line":307,"column":9}},"109":{"start":{"line":309,"column":4},"end":{"line":311,"column":5}},"110":{"start":{"line":310,"column":6},"end":{"line":310,"column":64}},"111":{"start":{"line":312,"column":4},"end":{"line":312,"column":18}},"112":{"start":{"line":314,"column":4},"end":{"line":314,"column":99}},"113":{"start":{"line":280,"column":13},"end":{"line":280,"column":32}},"114":{"start":{"line":327,"column":50},"end":{"line":352,"column":1}},"115":{"start":{"line":331,"column":2},"end":{"line":351,"column":3}},"116":{"start":{"line":332,"column":14},"end":{"line":347,"column":6}},"117":{"start":{"line":348,"column":4},"end":{"line":348,"column":13}},"118":{"start":{"line":350,"column":4},"end":{"line":350,"column":68}},"119":{"start":{"line":327,"column":13},"end":{"line":327,"column":50}},"120":{"start":{"line":361,"column":28},"end":{"line":368,"column":1}},"121":{"start":{"line":362,"column":2},"end":{"line":367,"column":3}},"122":{"start":{"line":363,"column":19},"end":{"line":363,"column":55}},"123":{"start":{"line":364,"column":4},"end":{"line":364,"column":18}},"124":{"start":{"line":366,"column":4},"end":{"line":366,"column":53}},"125":{"start":{"line":361,"column":13},"end":{"line":361,"column":28}},"126":{"start":{"line":377,"column":26},"end":{"line":384,"column":1}},"127":{"start":{"line":378,"column":2},"end":{"line":383,"column":3}},"128":{"start":{"line":379,"column":19},"end":{"line":379,"column":51}},"129":{"start":{"line":380,"column":4},"end":{"line":380,"column":18}},"130":{"start":{"line":382,"column":4},"end":{"line":382,"column":52}},"131":{"start":{"line":377,"column":13},"end":{"line":377,"column":26}},"132":{"start":{"line":393,"column":27},"end":{"line":400,"column":1}},"133":{"start":{"line":394,"column":2},"end":{"line":399,"column":3}},"134":{"start":{"line":395,"column":19},"end":{"line":395,"column":53}},"135":{"start":{"line":396,"column":4},"end":{"line":396,"column":18}},"136":{"start":{"line":398,"column":4},"end":{"line":398,"column":52}},"137":{"start":{"line":393,"column":13},"end":{"line":393,"column":27}},"138":{"start":{"line":407,"column":24},"end":{"line":414,"column":1}},"139":{"start":{"line":408,"column":2},"end":{"line":413,"column":3}},"140":{"start":{"line":409,"column":19},"end":{"line":409,"column":47}},"141":{"start":{"line":410,"column":4},"end":{"line":410,"column":18}},"142":{"start":{"line":412,"column":4},"end":{"line":412,"column":52}},"143":{"start":{"line":407,"column":13},"end":{"line":407,"column":24}},"144":{"start":{"line":425,"column":27},"end":{"line":462,"column":1}},"145":{"start":{"line":426,"column":2},"end":{"line":461,"column":3}},"146":{"start":{"line":428,"column":30},"end":{"line":428,"column":64}},"147":{"start":{"line":428,"column":54},"end":{"line":428,"column":62}},"148":{"start":{"line":431,"column":23},"end":{"line":432,"column":null}},"149":{"start":{"line":432,"column":14},"end":{"line":432,"column":50}},"150":{"start":{"line":432,"column":31},"end":{"line":432,"column":48}},"151":{"start":{"line":436,"column":26},"end":{"line":451,"column":null}},"152":{"start":{"line":438,"column":28},"end":{"line":438,"column":70}},"153":{"start":{"line":440,"column":8},"end":{"line":442,"column":9}},"154":{"start":{"line":441,"column":10},"end":{"line":441,"column":29}},"155":{"start":{"line":444,"column":25},"end":{"line":444,"column":42}},"156":{"start":{"line":445,"column":8},"end":{"line":447,"column":9}},"157":{"start":{"line":446,"column":10},"end":{"line":446,"column":26}},"158":{"start":{"line":450,"column":8},"end":{"line":450,"column":63}},"159":{"start":{"line":454,"column":4},"end":{"line":454,"column":25}},"160":{"start":{"line":457,"column":25},"end":{"line":457,"column":81}},"161":{"start":{"line":459,"column":4},"end":{"line":459,"column":70}},"162":{"start":{"line":460,"column":4},"end":{"line":460,"column":14}},"163":{"start":{"line":425,"column":13},"end":{"line":425,"column":27}},"164":{"start":{"line":474,"column":33},"end":{"line":559,"column":1}},"165":{"start":{"line":481,"column":2},"end":{"line":523,"column":3}},"166":{"start":{"line":482,"column":4},"end":{"line":501,"column":6}},"167":{"start":{"line":503,"column":4},"end":{"line":522,"column":6}},"168":{"start":{"line":525,"column":2},"end":{"line":558,"column":3}},"169":{"start":{"line":526,"column":19},"end":{"line":528,"column":6}},"170":{"start":{"line":530,"column":4},"end":{"line":532,"column":5}},"171":{"start":{"line":531,"column":6},"end":{"line":531,"column":46}},"172":{"start":{"line":534,"column":14},"end":{"line":534,"column":16}},"173":{"start":{"line":536,"column":4},"end":{"line":544,"column":5}},"174":{"start":{"line":537,"column":6},"end":{"line":539,"column":42}},"175":{"start":{"line":541,"column":6},"end":{"line":543,"column":44}},"176":{"start":{"line":546,"column":4},"end":{"line":550,"column":6}},"177":{"start":{"line":552,"column":4},"end":{"line":557,"column":6}},"178":{"start":{"line":474,"column":13},"end":{"line":474,"column":33}},"179":{"start":{"line":569,"column":35},"end":{"line":586,"column":1}},"180":{"start":{"line":570,"column":2},"end":{"line":585,"column":3}},"181":{"start":{"line":571,"column":4},"end":{"line":573,"column":5}},"182":{"start":{"line":572,"column":6},"end":{"line":572,"column":40}},"183":{"start":{"line":574,"column":19},"end":{"line":577,"column":null}},"184":{"start":{"line":579,"column":4},"end":{"line":581,"column":5}},"185":{"start":{"line":580,"column":6},"end":{"line":580,"column":62}},"186":{"start":{"line":582,"column":4},"end":{"line":582,"column":18}},"187":{"start":{"line":584,"column":4},"end":{"line":584,"column":61}},"188":{"start":{"line":569,"column":13},"end":{"line":569,"column":35}},"189":{"start":{"line":597,"column":26},"end":{"line":627,"column":1}},"190":{"start":{"line":602,"column":2},"end":{"line":626,"column":3}},"191":{"start":{"line":603,"column":4},"end":{"line":605,"column":5}},"192":{"start":{"line":604,"column":6},"end":{"line":604,"column":41}},"193":{"start":{"line":607,"column":4},"end":{"line":619,"column":5}},"194":{"start":{"line":608,"column":6},"end":{"line":612,"column":8}},"195":{"start":{"line":614,"column":6},"end":{"line":618,"column":8}},"196":{"start":{"line":620,"column":4},"end":{"line":622,"column":5}},"197":{"start":{"line":621,"column":6},"end":{"line":621,"column":47}},"198":{"start":{"line":623,"column":4},"end":{"line":623,"column":18}},"199":{"start":{"line":625,"column":4},"end":{"line":625,"column":79}},"200":{"start":{"line":597,"column":13},"end":{"line":597,"column":26}},"201":{"start":{"line":635,"column":30},"end":{"line":661,"column":1}},"202":{"start":{"line":636,"column":2},"end":{"line":660,"column":3}},"203":{"start":{"line":637,"column":18},"end":{"line":637,"column":39}},"204":{"start":{"line":638,"column":18},"end":{"line":641,"column":6}},"205":{"start":{"line":643,"column":4},"end":{"line":645,"column":5}},"206":{"start":{"line":644,"column":6},"end":{"line":644,"column":18}},"207":{"start":{"line":647,"column":17},"end":{"line":647,"column":53}},"208":{"start":{"line":647,"column":40},"end":{"line":647,"column":51}},"209":{"start":{"line":649,"column":4},"end":{"line":655,"column":5}},"210":{"start":{"line":650,"column":6},"end":{"line":654,"column":9}},"211":{"start":{"line":651,"column":8},"end":{"line":653,"column":11}},"212":{"start":{"line":652,"column":10},"end":{"line":652,"column":56}},"213":{"start":{"line":657,"column":4},"end":{"line":657,"column":16}},"214":{"start":{"line":659,"column":4},"end":{"line":659,"column":56}},"215":{"start":{"line":635,"column":13},"end":{"line":635,"column":30}}},"fnMap":{"0":{"name":"(anonymous_1)","decl":{"start":{"line":28,"column":18},"end":{"line":28,"column":19}},"loc":{"start":{"line":29,"column":2},"end":{"line":29,"column":70}}},"1":{"name":"(anonymous_2)","decl":{"start":{"line":29,"column":44},"end":{"line":29,"column":48}},"loc":{"start":{"line":29,"column":52},"end":{"line":29,"column":69}}},"2":{"name":"(anonymous_3)","decl":{"start":{"line":38,"column":21},"end":{"line":38,"column":22}},"loc":{"start":{"line":39,"column":2},"end":{"line":39,"column":62}}},"3":{"name":"(anonymous_4)","decl":{"start":{"line":49,"column":27},"end":{"line":49,"column":28}},"loc":{"start":{"line":49,"column":71},"end":{"line":59,"column":1}}},"4":{"name":"(anonymous_5)","decl":{"start":{"line":69,"column":31},"end":{"line":69,"column":32}},"loc":{"start":{"line":69,"column":79},"end":{"line":77,"column":1}}},"5":{"name":"(anonymous_6)","decl":{"start":{"line":86,"column":30},"end":{"line":86,"column":31}},"loc":{"start":{"line":87,"column":2},"end":{"line":97,"column":4}}},"6":{"name":"(anonymous_7)","decl":{"start":{"line":87,"column":13},"end":{"line":87,"column":14}},"loc":{"start":{"line":87,"column":22},"end":{"line":97,"column":3}}},"7":{"name":"(anonymous_8)","decl":{"start":{"line":106,"column":34},"end":{"line":106,"column":35}},"loc":{"start":{"line":107,"column":2},"end":{"line":107,"column":66}}},"8":{"name":"(anonymous_9)","decl":{"start":{"line":107,"column":38},"end":{"line":107,"column":39}},"loc":{"start":{"line":107,"column":43},"end":{"line":107,"column":65}}},"9":{"name":"(anonymous_10)","decl":{"start":{"line":115,"column":32},"end":{"line":115,"column":33}},"loc":{"start":{"line":115,"column":84},"end":{"line":126,"column":1}}},"10":{"name":"(anonymous_11)","decl":{"start":{"line":118,"column":18},"end":{"line":118,"column":19}},"loc":{"start":{"line":118,"column":37},"end":{"line":125,"column":3}}},"11":{"name":"(anonymous_12)","decl":{"start":{"line":135,"column":30},"end":{"line":135,"column":31}},"loc":{"start":{"line":135,"column":64},"end":{"line":158,"column":1}}},"12":{"name":"(anonymous_13)","decl":{"start":{"line":137,"column":16},"end":{"line":137,"column":17}},"loc":{"start":{"line":137,"column":20},"end":{"line":139,"column":3}}},"13":{"name":"(anonymous_14)","decl":{"start":{"line":141,"column":43},"end":{"line":141,"column":44}},"loc":{"start":{"line":141,"column":52},"end":{"line":157,"column":3}}},"14":{"name":"(anonymous_15)","decl":{"start":{"line":169,"column":33},"end":{"line":169,"column":34}},"loc":{"start":{"line":170,"column":2},"end":{"line":170,"column":78}}},"15":{"name":"(anonymous_16)","decl":{"start":{"line":170,"column":36},"end":{"line":170,"column":37}},"loc":{"start":{"line":170,"column":46},"end":{"line":170,"column":77}}},"16":{"name":"(anonymous_17)","decl":{"start":{"line":179,"column":22},"end":{"line":179,"column":27}},"loc":{"start":{"line":179,"column":62},"end":{"line":196,"column":1}}},"17":{"name":"(anonymous_18)","decl":{"start":{"line":205,"column":35},"end":{"line":205,"column":40}},"loc":{"start":{"line":205,"column":83},"end":{"line":226,"column":1}}},"18":{"name":"(anonymous_19)","decl":{"start":{"line":236,"column":40},"end":{"line":236,"column":41}},"loc":{"start":{"line":237,"column":2},"end":{"line":237,"column":42}}},"19":{"name":"(anonymous_20)","decl":{"start":{"line":237,"column":15},"end":{"line":237,"column":16}},"loc":{"start":{"line":237,"column":20},"end":{"line":237,"column":41}}},"20":{"name":"(anonymous_21)","decl":{"start":{"line":247,"column":39},"end":{"line":247,"column":40}},"loc":{"start":{"line":247,"column":89},"end":{"line":269,"column":1}}},"21":{"name":"(anonymous_22)","decl":{"start":{"line":254,"column":22},"end":{"line":254,"column":23}},"loc":{"start":{"line":254,"column":38},"end":{"line":268,"column":3}}},"22":{"name":"(anonymous_23)","decl":{"start":{"line":280,"column":32},"end":{"line":280,"column":37}},"loc":{"start":{"line":283,"column":48},"end":{"line":316,"column":1}}},"23":{"name":"(anonymous_24)","decl":{"start":{"line":327,"column":50},"end":{"line":327,"column":55}},"loc":{"start":{"line":330,"column":38},"end":{"line":352,"column":1}}},"24":{"name":"(anonymous_25)","decl":{"start":{"line":361,"column":28},"end":{"line":361,"column":33}},"loc":{"start":{"line":361,"column":84},"end":{"line":368,"column":1}}},"25":{"name":"(anonymous_26)","decl":{"start":{"line":377,"column":26},"end":{"line":377,"column":31}},"loc":{"start":{"line":377,"column":76},"end":{"line":384,"column":1}}},"26":{"name":"(anonymous_27)","decl":{"start":{"line":393,"column":27},"end":{"line":393,"column":32}},"loc":{"start":{"line":393,"column":80},"end":{"line":400,"column":1}}},"27":{"name":"(anonymous_28)","decl":{"start":{"line":407,"column":24},"end":{"line":407,"column":29}},"loc":{"start":{"line":407,"column":68},"end":{"line":414,"column":1}}},"28":{"name":"(anonymous_29)","decl":{"start":{"line":425,"column":27},"end":{"line":425,"column":32}},"loc":{"start":{"line":425,"column":65},"end":{"line":462,"column":1}}},"29":{"name":"(anonymous_30)","decl":{"start":{"line":428,"column":47},"end":{"line":428,"column":50}},"loc":{"start":{"line":428,"column":54},"end":{"line":428,"column":62}}},"30":{"name":"(anonymous_31)","decl":{"start":{"line":432,"column":6},"end":{"line":432,"column":10}},"loc":{"start":{"line":432,"column":14},"end":{"line":432,"column":50}}},"31":{"name":"(anonymous_32)","decl":{"start":{"line":432,"column":24},"end":{"line":432,"column":27}},"loc":{"start":{"line":432,"column":31},"end":{"line":432,"column":48}}},"32":{"name":"(anonymous_33)","decl":{"start":{"line":437,"column":21},"end":{"line":437,"column":26}},"loc":{"start":{"line":437,"column":33},"end":{"line":451,"column":7}}},"33":{"name":"(anonymous_34)","decl":{"start":{"line":474,"column":33},"end":{"line":474,"column":38}},"loc":{"start":{"line":478,"column":90},"end":{"line":559,"column":1}}},"34":{"name":"(anonymous_35)","decl":{"start":{"line":569,"column":35},"end":{"line":569,"column":40}},"loc":{"start":{"line":569,"column":97},"end":{"line":586,"column":1}}},"35":{"name":"(anonymous_36)","decl":{"start":{"line":597,"column":26},"end":{"line":597,"column":31}},"loc":{"start":{"line":601,"column":48},"end":{"line":627,"column":1}}},"36":{"name":"(anonymous_37)","decl":{"start":{"line":635,"column":30},"end":{"line":635,"column":35}},"loc":{"start":{"line":635,"column":98},"end":{"line":661,"column":1}}},"37":{"name":"(anonymous_38)","decl":{"start":{"line":647,"column":35},"end":{"line":647,"column":36}},"loc":{"start":{"line":647,"column":40},"end":{"line":647,"column":51}}},"38":{"name":"(anonymous_39)","decl":{"start":{"line":650,"column":20},"end":{"line":650,"column":21}},"loc":{"start":{"line":650,"column":24},"end":{"line":654,"column":7}}},"39":{"name":"(anonymous_40)","decl":{"start":{"line":651,"column":23},"end":{"line":651,"column":24}},"loc":{"start":{"line":651,"column":27},"end":{"line":653,"column":9}}}},"branchMap":{"0":{"loc":{"start":{"line":29,"column":3},"end":{"line":29,"column":38}},"type":"binary-expr","locations":[{"start":{"line":29,"column":3},"end":{"line":29,"column":32}},{"start":{"line":29,"column":36},"end":{"line":29,"column":38}}]},"1":{"loc":{"start":{"line":39,"column":2},"end":{"line":39,"column":62}},"type":"binary-expr","locations":[{"start":{"line":39,"column":2},"end":{"line":39,"column":56}},{"start":{"line":39,"column":60},"end":{"line":39,"column":62}}]},"2":{"loc":{"start":{"line":52,"column":6},"end":{"line":54,"column":7}},"type":"if","locations":[{"start":{"line":52,"column":6},"end":{"line":54,"column":7}}]},"3":{"loc":{"start":{"line":71,"column":4},"end":{"line":73,"column":5}},"type":"if","locations":[{"start":{"line":71,"column":4},"end":{"line":73,"column":5}}]},"4":{"loc":{"start":{"line":71,"column":8},"end":{"line":71,"column":49}},"type":"binary-expr","locations":[{"start":{"line":71,"column":8},"end":{"line":71,"column":27}},{"start":{"line":71,"column":31},"end":{"line":71,"column":49}}]},"5":{"loc":{"start":{"line":88,"column":4},"end":{"line":90,"column":5}},"type":"if","locations":[{"start":{"line":88,"column":4},"end":{"line":90,"column":5}}]},"6":{"loc":{"start":{"line":92,"column":4},"end":{"line":94,"column":5}},"type":"if","locations":[{"start":{"line":92,"column":4},"end":{"line":94,"column":5}}]},"7":{"loc":{"start":{"line":119,"column":4},"end":{"line":124,"column":5}},"type":"if","locations":[{"start":{"line":119,"column":4},"end":{"line":124,"column":5}}]},"8":{"loc":{"start":{"line":121,"column":6},"end":{"line":123,"column":7}},"type":"if","locations":[{"start":{"line":121,"column":6},"end":{"line":123,"column":7}}]},"9":{"loc":{"start":{"line":121,"column":10},"end":{"line":121,"column":70}},"type":"binary-expr","locations":[{"start":{"line":121,"column":10},"end":{"line":121,"column":28}},{"start":{"line":121,"column":32},"end":{"line":121,"column":70}}]},"10":{"loc":{"start":{"line":144,"column":4},"end":{"line":146,"column":5}},"type":"if","locations":[{"start":{"line":144,"column":4},"end":{"line":146,"column":5}}]},"11":{"loc":{"start":{"line":147,"column":4},"end":{"line":149,"column":5}},"type":"if","locations":[{"start":{"line":147,"column":4},"end":{"line":149,"column":5}}]},"12":{"loc":{"start":{"line":150,"column":4},"end":{"line":152,"column":5}},"type":"if","locations":[{"start":{"line":150,"column":4},"end":{"line":152,"column":5}}]},"13":{"loc":{"start":{"line":153,"column":4},"end":{"line":155,"column":5}},"type":"if","locations":[{"start":{"line":153,"column":4},"end":{"line":155,"column":5}}]},"14":{"loc":{"start":{"line":184,"column":4},"end":{"line":186,"column":5}},"type":"if","locations":[{"start":{"line":184,"column":4},"end":{"line":186,"column":5}}]},"15":{"loc":{"start":{"line":208,"column":4},"end":{"line":214,"column":5}},"type":"if","locations":[{"start":{"line":208,"column":4},"end":{"line":214,"column":5}}]},"16":{"loc":{"start":{"line":216,"column":4},"end":{"line":218,"column":5}},"type":"if","locations":[{"start":{"line":216,"column":4},"end":{"line":218,"column":5}}]},"17":{"loc":{"start":{"line":219,"column":4},"end":{"line":221,"column":5}},"type":"if","locations":[{"start":{"line":219,"column":4},"end":{"line":221,"column":5}}]},"18":{"loc":{"start":{"line":251,"column":2},"end":{"line":253,"column":3}},"type":"if","locations":[{"start":{"line":251,"column":2},"end":{"line":253,"column":3}}]},"19":{"loc":{"start":{"line":251,"column":6},"end":{"line":251,"column":34}},"type":"binary-expr","locations":[{"start":{"line":251,"column":6},"end":{"line":251,"column":12}},{"start":{"line":251,"column":16},"end":{"line":251,"column":34}}]},"20":{"loc":{"start":{"line":255,"column":4},"end":{"line":257,"column":5}},"type":"if","locations":[{"start":{"line":255,"column":4},"end":{"line":257,"column":5}}]},"21":{"loc":{"start":{"line":255,"column":8},"end":{"line":255,"column":61}},"type":"binary-expr","locations":[{"start":{"line":255,"column":8},"end":{"line":255,"column":34}},{"start":{"line":255,"column":38},"end":{"line":255,"column":61}}]},"22":{"loc":{"start":{"line":259,"column":4},"end":{"line":261,"column":5}},"type":"if","locations":[{"start":{"line":259,"column":4},"end":{"line":261,"column":5}}]},"23":{"loc":{"start":{"line":263,"column":4},"end":{"line":265,"column":5}},"type":"if","locations":[{"start":{"line":263,"column":4},"end":{"line":265,"column":5}}]},"24":{"loc":{"start":{"line":267,"column":11},"end":{"line":267,"column":88}},"type":"binary-expr","locations":[{"start":{"line":267,"column":11},"end":{"line":267,"column":51}},{"start":{"line":267,"column":55},"end":{"line":267,"column":88}}]},"25":{"loc":{"start":{"line":285,"column":4},"end":{"line":287,"column":5}},"type":"if","locations":[{"start":{"line":285,"column":4},"end":{"line":287,"column":5}}]},"26":{"loc":{"start":{"line":291,"column":4},"end":{"line":308,"column":5}},"type":"if","locations":[{"start":{"line":291,"column":4},"end":{"line":308,"column":5}},{"start":{"line":304,"column":11},"end":{"line":308,"column":5}}]},"27":{"loc":{"start":{"line":304,"column":11},"end":{"line":308,"column":5}},"type":"if","locations":[{"start":{"line":304,"column":11},"end":{"line":308,"column":5}}]},"28":{"loc":{"start":{"line":309,"column":4},"end":{"line":311,"column":5}},"type":"if","locations":[{"start":{"line":309,"column":4},"end":{"line":311,"column":5}}]},"29":{"loc":{"start":{"line":440,"column":8},"end":{"line":442,"column":9}},"type":"if","locations":[{"start":{"line":440,"column":8},"end":{"line":442,"column":9}}]},"30":{"loc":{"start":{"line":445,"column":8},"end":{"line":447,"column":9}},"type":"if","locations":[{"start":{"line":445,"column":8},"end":{"line":447,"column":9}}]},"31":{"loc":{"start":{"line":457,"column":25},"end":{"line":457,"column":81}},"type":"cond-expr","locations":[{"start":{"line":457,"column":50},"end":{"line":457,"column":63}},{"start":{"line":457,"column":66},"end":{"line":457,"column":81}}]},"32":{"loc":{"start":{"line":481,"column":2},"end":{"line":523,"column":3}},"type":"if","locations":[{"start":{"line":481,"column":2},"end":{"line":523,"column":3}},{"start":{"line":502,"column":9},"end":{"line":523,"column":3}}]},"33":{"loc":{"start":{"line":530,"column":4},"end":{"line":532,"column":5}},"type":"if","locations":[{"start":{"line":530,"column":4},"end":{"line":532,"column":5}}]},"34":{"loc":{"start":{"line":536,"column":4},"end":{"line":544,"column":5}},"type":"if","locations":[{"start":{"line":536,"column":4},"end":{"line":544,"column":5}},{"start":{"line":540,"column":11},"end":{"line":544,"column":5}}]},"35":{"loc":{"start":{"line":537,"column":12},"end":{"line":539,"column":41}},"type":"cond-expr","locations":[{"start":{"line":538,"column":10},"end":{"line":538,"column":41}},{"start":{"line":539,"column":10},"end":{"line":539,"column":41}}]},"36":{"loc":{"start":{"line":541,"column":12},"end":{"line":543,"column":43}},"type":"cond-expr","locations":[{"start":{"line":542,"column":10},"end":{"line":542,"column":43}},{"start":{"line":543,"column":10},"end":{"line":543,"column":43}}]},"37":{"loc":{"start":{"line":548,"column":15},"end":{"line":548,"column":35}},"type":"binary-expr","locations":[{"start":{"line":548,"column":15},"end":{"line":548,"column":29}},{"start":{"line":548,"column":33},"end":{"line":548,"column":35}}]},"38":{"loc":{"start":{"line":549,"column":17},"end":{"line":549,"column":39}},"type":"binary-expr","locations":[{"start":{"line":549,"column":17},"end":{"line":549,"column":33}},{"start":{"line":549,"column":37},"end":{"line":549,"column":39}}]},"39":{"loc":{"start":{"line":554,"column":8},"end":{"line":556,"column":52}},"type":"cond-expr","locations":[{"start":{"line":555,"column":12},"end":{"line":555,"column":50}},{"start":{"line":556,"column":12},"end":{"line":556,"column":52}}]},"40":{"loc":{"start":{"line":571,"column":4},"end":{"line":573,"column":5}},"type":"if","locations":[{"start":{"line":571,"column":4},"end":{"line":573,"column":5}}]},"41":{"loc":{"start":{"line":571,"column":8},"end":{"line":571,"column":59}},"type":"binary-expr","locations":[{"start":{"line":571,"column":8},"end":{"line":571,"column":12}},{"start":{"line":571,"column":16},"end":{"line":571,"column":25}},{"start":{"line":571,"column":29},"end":{"line":571,"column":39}},{"start":{"line":571,"column":43},"end":{"line":571,"column":59}}]},"42":{"loc":{"start":{"line":579,"column":4},"end":{"line":581,"column":5}},"type":"if","locations":[{"start":{"line":579,"column":4},"end":{"line":581,"column":5}}]},"43":{"loc":{"start":{"line":603,"column":4},"end":{"line":605,"column":5}},"type":"if","locations":[{"start":{"line":603,"column":4},"end":{"line":605,"column":5}}]},"44":{"loc":{"start":{"line":603,"column":8},"end":{"line":603,"column":83}},"type":"binary-expr","locations":[{"start":{"line":603,"column":8},"end":{"line":603,"column":16}},{"start":{"line":603,"column":20},"end":{"line":603,"column":33}},{"start":{"line":603,"column":37},"end":{"line":603,"column":55}},{"start":{"line":603,"column":59},"end":{"line":603,"column":83}}]},"45":{"loc":{"start":{"line":607,"column":4},"end":{"line":619,"column":5}},"type":"if","locations":[{"start":{"line":607,"column":4},"end":{"line":619,"column":5}},{"start":{"line":613,"column":11},"end":{"line":619,"column":5}}]},"46":{"loc":{"start":{"line":620,"column":4},"end":{"line":622,"column":5}},"type":"if","locations":[{"start":{"line":620,"column":4},"end":{"line":622,"column":5}}]},"47":{"loc":{"start":{"line":643,"column":4},"end":{"line":645,"column":5}},"type":"if","locations":[{"start":{"line":643,"column":4},"end":{"line":645,"column":5}}]},"48":{"loc":{"start":{"line":643,"column":8},"end":{"line":643,"column":36}},"type":"binary-expr","locations":[{"start":{"line":643,"column":8},"end":{"line":643,"column":14}},{"start":{"line":643,"column":18},"end":{"line":643,"column":36}}]},"49":{"loc":{"start":{"line":649,"column":4},"end":{"line":655,"column":5}},"type":"if","locations":[{"start":{"line":649,"column":4},"end":{"line":655,"column":5}}]},"50":{"loc":{"start":{"line":649,"column":8},"end":{"line":649,"column":64}},"type":"binary-expr","locations":[{"start":{"line":649,"column":8},"end":{"line":649,"column":21}},{"start":{"line":649,"column":25},"end":{"line":649,"column":44}},{"start":{"line":649,"column":48},"end":{"line":649,"column":64}}]},"51":{"loc":{"start":{"line":652,"column":28},"end":{"line":652,"column":49}},"type":"binary-expr","locations":[{"start":{"line":652,"column":28},"end":{"line":652,"column":44}},{"start":{"line":652,"column":48},"end":{"line":652,"column":49}}]}},"s":{"0":9,"1":9,"2":9,"3":9,"4":9,"5":9,"6":9,"7":8,"8":5,"9":9,"10":8,"11":9,"12":15,"13":18,"14":12,"15":6,"16":9,"17":9,"18":8,"19":8,"20":2,"21":6,"22":9,"23":6,"24":18,"25":13,"26":5,"27":4,"28":1,"29":9,"30":1,"31":4,"32":9,"33":8,"34":8,"35":13,"36":13,"37":13,"38":10,"39":9,"40":2,"41":2,"42":8,"43":2,"44":12,"45":12,"46":12,"47":2,"48":10,"49":3,"50":7,"51":3,"52":4,"53":1,"54":3,"55":9,"56":1,"57":6,"58":9,"59":8,"60":8,"61":7,"62":1,"63":6,"64":6,"65":3,"66":4,"67":9,"68":9,"69":7,"70":7,"71":7,"72":2,"73":2,"74":5,"75":4,"76":1,"77":3,"78":2,"79":1,"80":2,"81":9,"82":9,"83":2,"84":6,"85":9,"86":9,"87":8,"88":8,"89":8,"90":2,"91":6,"92":24,"93":4,"94":20,"95":12,"96":8,"97":4,"98":4,"99":9,"100":9,"101":0,"102":0,"103":0,"104":0,"105":0,"106":0,"107":0,"108":0,"109":0,"110":0,"111":0,"112":0,"113":9,"114":9,"115":4,"116":4,"117":3,"118":1,"119":9,"120":9,"121":1,"122":1,"123":1,"124":0,"125":9,"126":9,"127":1,"128":1,"129":1,"130":0,"131":9,"132":9,"133":1,"134":1,"135":1,"136":0,"137":9,"138":9,"139":0,"140":0,"141":0,"142":0,"143":9,"144":9,"145":4,"146":4,"147":8,"148":4,"149":8,"150":12,"151":4,"152":8,"153":6,"154":2,"155":4,"156":4,"157":2,"158":2,"159":2,"160":2,"161":2,"162":2,"163":9,"164":9,"165":12,"166":6,"167":6,"168":12,"169":12,"170":8,"171":2,"172":6,"173":6,"174":3,"175":3,"176":6,"177":4,"178":9,"179":9,"180":4,"181":4,"182":1,"183":3,"184":2,"185":1,"186":1,"187":3,"188":9,"189":9,"190":5,"191":5,"192":1,"193":4,"194":2,"195":2,"196":3,"197":1,"198":2,"199":3,"200":9,"201":9,"202":6,"203":6,"204":5,"205":4,"206":2,"207":2,"208":4,"209":2,"210":1,"211":4,"212":4,"213":2,"214":2,"215":9},"f":{"0":8,"1":5,"2":8,"3":15,"4":8,"5":6,"6":18,"7":1,"8":4,"9":8,"10":13,"11":2,"12":8,"13":12,"14":1,"15":6,"16":8,"17":7,"18":2,"19":6,"20":8,"21":24,"22":0,"23":4,"24":1,"25":1,"26":1,"27":0,"28":4,"29":8,"30":8,"31":12,"32":8,"33":12,"34":4,"35":5,"36":6,"37":4,"38":4,"39":4},"b":{"0":[8,4],"1":[8,5],"2":[6],"3":[2],"4":[8,8],"5":[13],"6":[4],"7":[13],"8":[10],"9":[13,7],"10":[2],"11":[3],"12":[3],"13":[1],"14":[1],"15":[2],"16":[1],"17":[2],"18":[2],"19":[8,8],"20":[4],"21":[24,16],"22":[12],"23":[4],"24":[4,3],"25":[0],"26":[0,0],"27":[0],"28":[0],"29":[2],"30":[2],"31":[2,0],"32":[6,6],"33":[2],"34":[3,3],"35":[2,1],"36":[2,1],"37":[6,0],"38":[6,0],"39":[2,2],"40":[1],"41":[4,4,4,4],"42":[1],"43":[1],"44":[5,5,5,5],"45":[2,2],"46":[1],"47":[2],"48":[4,3],"49":[1],"50":[2,1,1],"51":[4,3]}}
,"C:\\Users\\jelli\\OneDrive\\Desktop\\CS4530\\fall24-team-project-group-110\\server\\models\\comments.ts": {"path":"C:\\Users\\jelli\\OneDrive\\Desktop\\CS4530\\fall24-team-project-group-110\\server\\models\\comments.ts","statementMap":{"0":{"start":{"line":1,"column":0},"end":{"line":1,"column":43}},"1":{"start":{"line":2,"column":0},"end":{"line":2,"column":45}},"2":{"start":{"line":14,"column":37},"end":{"line":14,"column":86}},"3":{"start":{"line":16,"column":0},"end":{"line":16,"column":28}}},"fnMap":{},"branchMap":{},"s":{"0":9,"1":9,"2":9,"3":9},"f":{},"b":{}}
,"C:\\Users\\jelli\\OneDrive\\Desktop\\CS4530\\fall24-team-project-group-110\\server\\models\\questions.ts": {"path":"C:\\Users\\jelli\\OneDrive\\Desktop\\CS4530\\fall24-team-project-group-110\\server\\models\\questions.ts","statementMap":{"0":{"start":{"line":2,"column":0},"end":{"line":2,"column":43}},"1":{"start":{"line":3,"column":0},"end":{"line":3,"column":47}},"2":{"start":{"line":15,"column":39},"end":{"line":15,"column":91}},"3":{"start":{"line":17,"column":0},"end":{"line":17,"column":29}}},"fnMap":{},"branchMap":{},"s":{"0":9,"1":9,"2":9,"3":9},"f":{},"b":{}}
,"C:\\Users\\jelli\\OneDrive\\Desktop\\CS4530\\fall24-team-project-group-110\\server\\models\\tags.ts": {"path":"C:\\Users\\jelli\\OneDrive\\Desktop\\CS4530\\fall24-team-project-group-110\\server\\models\\tags.ts","statementMap":{"0":{"start":{"line":1,"column":0},"end":{"line":1,"column":43}},"1":{"start":{"line":2,"column":0},"end":{"line":2,"column":37}},"2":{"start":{"line":14,"column":29},"end":{"line":14,"column":66}},"3":{"start":{"line":16,"column":0},"end":{"line":16,"column":24}}},"fnMap":{},"branchMap":{},"s":{"0":9,"1":9,"2":9,"3":9},"f":{},"b":{}}
,"C:\\Users\\jelli\\OneDrive\\Desktop\\CS4530\\fall24-team-project-group-110\\server\\models\\users.ts": {"path":"C:\\Users\\jelli\\OneDrive\\Desktop\\CS4530\\fall24-team-project-group-110\\server\\models\\users.ts","statementMap":{"0":{"start":{"line":2,"column":0},"end":{"line":2,"column":43}},"1":{"start":{"line":3,"column":0},"end":{"line":3,"column":39}},"2":{"start":{"line":15,"column":31},"end":{"line":15,"column":71}},"3":{"start":{"line":17,"column":0},"end":{"line":17,"column":25}}},"fnMap":{},"branchMap":{},"s":{"0":9,"1":9,"2":9,"3":9},"f":{},"b":{}}
,"C:\\Users\\jelli\\OneDrive\\Desktop\\CS4530\\fall24-team-project-group-110\\server\\models\\schema\\answer.ts": {"path":"C:\\Users\\jelli\\OneDrive\\Desktop\\CS4530\\fall24-team-project-group-110\\server\\models\\schema\\answer.ts","statementMap":{"0":{"start":{"line":1,"column":0},"end":{"line":1,"column":34}},"1":{"start":{"line":12,"column":29},"end":{"line":25,"column":null}},"2":{"start":{"line":28,"column":0},"end":{"line":28,"column":28}}},"fnMap":{},"branchMap":{},"s":{"0":9,"1":9,"2":9},"f":{},"b":{}}
,"C:\\Users\\jelli\\OneDrive\\Desktop\\CS4530\\fall24-team-project-group-110\\server\\models\\schema\\comment.ts": {"path":"C:\\Users\\jelli\\OneDrive\\Desktop\\CS4530\\fall24-team-project-group-110\\server\\models\\schema\\comment.ts","statementMap":{"0":{"start":{"line":1,"column":0},"end":{"line":1,"column":34}},"1":{"start":{"line":12,"column":30},"end":{"line":24,"column":null}},"2":{"start":{"line":27,"column":0},"end":{"line":27,"column":29}}},"fnMap":{},"branchMap":{},"s":{"0":9,"1":9,"2":9},"f":{},"b":{}}
,"C:\\Users\\jelli\\OneDrive\\Desktop\\CS4530\\fall24-team-project-group-110\\server\\models\\schema\\question.ts": {"path":"C:\\Users\\jelli\\OneDrive\\Desktop\\CS4530\\fall24-team-project-group-110\\server\\models\\schema\\question.ts","statementMap":{"0":{"start":{"line":1,"column":0},"end":{"line":1,"column":34}},"1":{"start":{"line":18,"column":31},"end":{"line":39,"column":null}},"2":{"start":{"line":42,"column":0},"end":{"line":42,"column":30}}},"fnMap":{},"branchMap":{},"s":{"0":9,"1":9,"2":9},"f":{},"b":{}}
,"C:\\Users\\jelli\\OneDrive\\Desktop\\CS4530\\fall24-team-project-group-110\\server\\models\\schema\\tag.ts": {"path":"C:\\Users\\jelli\\OneDrive\\Desktop\\CS4530\\fall24-team-project-group-110\\server\\models\\schema\\tag.ts","statementMap":{"0":{"start":{"line":1,"column":0},"end":{"line":1,"column":34}},"1":{"start":{"line":11,"column":26},"end":{"line":22,"column":null}},"2":{"start":{"line":25,"column":0},"end":{"line":25,"column":25}}},"fnMap":{},"branchMap":{},"s":{"0":9,"1":9,"2":9},"f":{},"b":{}}
,"C:\\Users\\jelli\\OneDrive\\Desktop\\CS4530\\fall24-team-project-group-110\\server\\models\\schema\\user.ts": {"path":"C:\\Users\\jelli\\OneDrive\\Desktop\\CS4530\\fall24-team-project-group-110\\server\\models\\schema\\user.ts","statementMap":{"0":{"start":{"line":1,"column":0},"end":{"line":1,"column":34}},"1":{"start":{"line":20,"column":27},"end":{"line":50,"column":null}},"2":{"start":{"line":53,"column":0},"end":{"line":53,"column":26}}},"fnMap":{},"branchMap":{},"s":{"0":9,"1":9,"2":9},"f":{},"b":{}}
}
