TN:
SF:app.ts
FN:27,(anonymous_7)
FN:35,startServer
FN:36,(anonymous_9)
FN:41,(anonymous_10)
FN:44,(anonymous_11)
FN:49,(anonymous_12)
FN:50,(anonymous_13)
FN:67,(anonymous_14)
FNF:8
FNH:0
FNDA:0,(anonymous_7)
FNDA:0,startServer
FNDA:0,(anonymous_9)
FNDA:0,(anonymous_10)
FNDA:0,(anonymous_11)
FNDA:0,(anonymous_12)
FNDA:0,(anonymous_13)
FNDA:0,(anonymous_14)
DA:5,8
DA:6,8
DA:7,8
DA:8,8
DA:9,8
DA:10,8
DA:12,8
DA:13,8
DA:14,8
DA:15,8
DA:17,8
DA:19,8
DA:21,8
DA:22,8
DA:23,8
DA:25,8
DA:27,0
DA:29,8
DA:30,8
DA:31,8
DA:36,0
DA:37,0
DA:41,8
DA:42,0
DA:44,0
DA:45,0
DA:49,8
DA:50,0
DA:51,0
DA:52,0
DA:53,0
DA:55,0
DA:58,8
DA:65,8
DA:67,8
DA:68,0
DA:69,0
DA:72,8
DA:73,8
DA:74,8
DA:75,8
DA:76,8
DA:79,8
LF:43
LH:30
BRDA:21,0,0,8
BRDA:21,0,1,0
BRDA:22,1,0,8
BRDA:22,1,1,0
BRDA:23,2,0,8
BRDA:23,2,1,0
BRF:6
BRH:3
end_of_record
TN:
SF:controller\answer.ts
FN:5,(anonymous_1)
FN:15,isRequestValid
FN:26,isAnswerValid
FN:40,(anonymous_4)
FNF:4
FNH:4
FNDA:8,(anonymous_1)
FNDA:9,isRequestValid
FNDA:7,isAnswerValid
FNDA:9,(anonymous_4)
DA:1,8
DA:3,8
DA:5,8
DA:6,8
DA:16,9
DA:27,7
DA:40,8
DA:41,9
DA:42,2
DA:43,2
DA:45,7
DA:46,3
DA:47,3
DA:50,4
DA:51,4
DA:53,4
DA:54,4
DA:56,4
DA:57,1
DA:60,3
DA:62,3
DA:63,1
DA:66,2
DA:68,2
DA:69,1
DA:73,1
DA:77,1
DA:79,3
DA:84,8
DA:86,8
DA:89,8
LF:31
LH:31
BRDA:16,0,0,9
BRDA:16,0,1,7
BRDA:27,1,0,7
BRDA:27,1,1,6
BRDA:27,1,2,5
BRDA:41,2,0,2
BRDA:45,3,0,3
BRDA:56,4,0,1
BRDA:62,5,0,1
BRDA:62,6,0,3
BRDA:62,6,1,3
BRDA:68,7,0,1
BRDA:68,8,0,2
BRDA:68,8,1,2
BRF:14
BRH:14
end_of_record
TN:
SF:controller\comment.ts
FN:6,(anonymous_1)
FN:16,(anonymous_2)
FN:32,(anonymous_3)
FN:50,(anonymous_4)
FNF:4
FNH:4
FNDA:8,(anonymous_1)
FNDA:14,(anonymous_2)
FNDA:6,(anonymous_3)
FNDA:14,(anonymous_4)
DA:1,8
DA:2,8
DA:4,8
DA:6,8
DA:7,8
DA:16,8
DA:17,14
DA:32,8
DA:33,6
DA:50,8
DA:51,14
DA:52,7
DA:53,7
DA:56,7
DA:58,7
DA:59,1
DA:60,1
DA:63,6
DA:65,6
DA:66,1
DA:67,1
DA:70,5
DA:71,5
DA:73,5
DA:74,1
DA:77,4
DA:79,4
DA:80,1
DA:85,3
DA:87,3
DA:88,1
DA:91,2
DA:95,2
DA:97,3
DA:101,8
DA:103,8
DA:106,8
LF:37
LH:37
BRDA:17,0,0,14
BRDA:17,0,1,12
BRDA:17,0,2,11
BRDA:17,0,3,5
BRDA:17,0,4,10
BRDA:17,0,5,9
BRDA:17,0,6,8
BRDA:17,0,7,8
BRDA:33,1,0,6
BRDA:33,1,1,6
BRDA:33,1,2,5
BRDA:33,1,3,5
BRDA:33,1,4,5
BRDA:33,1,5,5
BRDA:51,2,0,7
BRDA:58,3,0,1
BRDA:65,4,0,1
BRDA:73,5,0,1
BRDA:79,6,0,1
BRDA:79,7,0,4
BRDA:79,7,1,4
BRDA:87,8,0,1
BRDA:87,9,0,3
BRDA:87,9,1,3
BRF:24
BRH:24
end_of_record
TN:
SF:controller\question.ts
FN:22,(anonymous_1)
FN:34,(anonymous_2)
FN:65,(anonymous_3)
FN:105,(anonymous_4)
FN:126,(anonymous_5)
FN:172,(anonymous_6)
FN:213,(anonymous_7)
FN:226,(anonymous_8)
FNF:8
FNH:8
FNDA:8,(anonymous_1)
FNDA:4,(anonymous_2)
FNDA:6,(anonymous_3)
FNDA:9,(anonymous_4)
FNDA:9,(anonymous_5)
FNDA:14,(anonymous_6)
FNDA:7,(anonymous_7)
FNDA:7,(anonymous_8)
DA:1,8
DA:2,8
DA:11,8
DA:22,8
DA:23,8
DA:34,8
DA:35,4
DA:36,4
DA:37,4
DA:38,4
DA:39,4
DA:41,3
DA:42,0
DA:45,3
DA:46,2
DA:48,2
DA:49,2
DA:51,0
DA:65,8
DA:66,6
DA:67,6
DA:69,6
DA:70,1
DA:71,1
DA:74,5
DA:75,1
DA:76,1
DA:79,4
DA:80,4
DA:82,4
DA:83,2
DA:84,2
DA:85,2
DA:88,2
DA:90,2
DA:91,2
DA:93,0
DA:105,8
DA:106,9
DA:126,8
DA:127,9
DA:128,4
DA:129,4
DA:131,5
DA:132,5
DA:133,5
DA:137,5
DA:138,1
DA:140,4
DA:141,4
DA:142,1
DA:146,3
DA:148,3
DA:149,1
DA:152,2
DA:153,2
DA:155,3
DA:156,3
DA:158,0
DA:172,8
DA:177,14
DA:178,4
DA:179,4
DA:182,10
DA:184,10
DA:186,10
DA:187,5
DA:189,5
DA:192,10
DA:193,2
DA:197,8
DA:198,8
DA:200,2
DA:213,8
DA:214,7
DA:226,8
DA:227,7
DA:231,8
DA:232,8
DA:233,8
DA:234,8
DA:235,8
DA:237,8
DA:240,8
LF:84
LH:80
BRDA:41,0,0,0
BRDA:48,1,0,2
BRDA:48,1,1,0
BRDA:69,2,0,1
BRDA:74,3,0,1
BRDA:82,4,0,2
BRDA:82,5,0,4
BRDA:82,5,1,2
BRDA:90,6,0,2
BRDA:90,6,1,0
BRDA:106,7,0,9
BRDA:106,7,1,9
BRDA:106,7,2,8
BRDA:106,7,3,8
BRDA:106,7,4,7
BRDA:106,7,5,7
BRDA:106,7,6,6
BRDA:106,7,7,6
BRDA:106,7,8,5
BRDA:106,7,9,5
BRDA:127,8,0,4
BRDA:137,9,0,1
BRDA:141,10,0,1
BRDA:148,11,0,1
BRDA:148,12,0,3
BRDA:148,12,1,3
BRDA:155,13,0,3
BRDA:155,13,1,0
BRDA:177,14,0,4
BRDA:177,15,0,14
BRDA:177,15,1,12
BRDA:186,16,0,5
BRDA:186,16,1,5
BRDA:192,17,0,2
BRDA:192,18,0,10
BRDA:192,18,1,10
BRF:36
BRH:32
end_of_record
TN:
SF:controller\tag.ts
FN:5,(anonymous_1)
FN:17,(anonymous_2)
FN:24,(anonymous_3)
FN:44,(anonymous_4)
FNF:4
FNH:4
FNDA:8,(anonymous_1)
FNDA:3,(anonymous_2)
FNDA:2,(anonymous_3)
FNDA:3,(anonymous_4)
DA:1,8
DA:2,8
DA:3,8
DA:5,8
DA:6,8
DA:17,8
DA:18,3
DA:19,3
DA:20,2
DA:21,1
DA:23,1
DA:24,2
DA:31,2
DA:44,8
DA:45,3
DA:46,3
DA:47,3
DA:49,2
DA:50,1
DA:52,1
DA:55,1
DA:60,8
DA:61,8
DA:63,8
DA:66,8
LF:25
LH:25
BRDA:20,0,0,1
BRDA:20,0,1,1
BRDA:49,1,0,1
BRDA:49,1,1,1
BRF:4
BRH:4
end_of_record
TN:
SF:controller\user.ts
FN:5,(anonymous_1)
FN:15,(anonymous_2)
FN:29,(anonymous_3)
FN:50,(anonymous_4)
FNF:4
FNH:4
FNDA:8,(anonymous_1)
FNDA:4,(anonymous_2)
FNDA:3,(anonymous_3)
FNDA:4,(anonymous_4)
DA:1,8
DA:3,8
DA:5,8
DA:6,8
DA:15,8
DA:16,4
DA:29,8
DA:30,3
DA:50,8
DA:51,4
DA:52,1
DA:53,1
DA:56,3
DA:57,1
DA:58,1
DA:61,2
DA:62,2
DA:63,2
DA:64,1
DA:65,0
DA:68,1
DA:70,1
DA:71,1
DA:73,0
DA:78,8
DA:80,8
DA:83,8
LF:27
LH:25
BRDA:16,0,0,4
BRDA:16,0,1,3
BRDA:16,0,2,3
BRDA:16,0,3,3
BRDA:16,0,4,3
BRDA:30,1,0,3
BRDA:30,1,1,3
BRDA:30,1,2,3
BRDA:30,1,3,3
BRDA:30,1,4,3
BRDA:30,1,5,3
BRDA:30,1,6,3
BRDA:30,1,7,3
BRDA:30,1,8,3
BRDA:30,1,9,3
BRDA:30,1,10,3
BRDA:51,2,0,1
BRDA:56,3,0,1
BRDA:64,4,0,0
BRDA:70,5,0,1
BRDA:70,5,1,0
BRF:21
BRH:19
end_of_record
TN:
SF:data\posts_strings.ts
FNF:0
FNH:0
DA:1,1
DA:2,1
DA:5,1
DA:7,1
DA:10,1
DA:11,1
DA:14,1
DA:15,1
DA:18,1
DA:20,1
DA:22,1
DA:24,1
DA:26,1
DA:27,1
DA:28,1
DA:29,1
DA:31,1
DA:32,1
DA:35,1
DA:36,1
DA:39,1
DA:40,1
DA:43,1
DA:44,1
DA:47,1
DA:48,1
DA:51,1
DA:52,1
DA:55,1
DA:57,1
DA:59,1
DA:61,1
DA:63,1
DA:65,1
DA:67,1
DA:69,1
DA:71,1
DA:73,1
DA:75,1
DA:77,1
LF:40
LH:40
BRF:0
BRH:0
end_of_record
TN:
SF:models\answers.ts
FNF:0
FNH:0
DA:1,9
DA:2,9
DA:14,9
DA:16,9
LF:4
LH:4
BRF:0
BRH:0
end_of_record
TN:
SF:models\application.ts
FN:28,(anonymous_1)
FN:29,(anonymous_2)
FN:38,(anonymous_3)
FN:49,(anonymous_4)
FN:69,(anonymous_5)
FN:86,(anonymous_6)
FN:87,(anonymous_7)
FN:106,(anonymous_8)
FN:107,(anonymous_9)
FN:115,(anonymous_10)
FN:118,(anonymous_11)
FN:135,(anonymous_12)
FN:137,(anonymous_13)
FN:141,(anonymous_14)
FN:169,(anonymous_15)
FN:170,(anonymous_16)
FN:179,(anonymous_17)
FN:205,(anonymous_18)
FN:236,(anonymous_19)
FN:237,(anonymous_20)
FN:247,(anonymous_21)
FN:254,(anonymous_22)
FN:280,(anonymous_23)
FN:327,(anonymous_24)
FN:361,(anonymous_25)
FN:377,(anonymous_26)
FN:393,(anonymous_27)
FN:407,(anonymous_28)
FN:425,(anonymous_29)
FN:428,(anonymous_30)
FN:432,(anonymous_31)
FN:432,(anonymous_32)
FN:437,(anonymous_33)
FN:474,(anonymous_34)
FN:569,(anonymous_35)
FN:597,(anonymous_36)
FN:635,(anonymous_37)
FN:647,(anonymous_38)
FN:650,(anonymous_39)
FN:651,(anonymous_40)
FNF:40
FNH:38
FNDA:8,(anonymous_1)
FNDA:5,(anonymous_2)
FNDA:8,(anonymous_3)
FNDA:15,(anonymous_4)
FNDA:8,(anonymous_5)
FNDA:6,(anonymous_6)
FNDA:18,(anonymous_7)
FNDA:1,(anonymous_8)
FNDA:4,(anonymous_9)
FNDA:8,(anonymous_10)
FNDA:13,(anonymous_11)
FNDA:2,(anonymous_12)
FNDA:8,(anonymous_13)
FNDA:12,(anonymous_14)
FNDA:1,(anonymous_15)
FNDA:6,(anonymous_16)
FNDA:8,(anonymous_17)
FNDA:7,(anonymous_18)
FNDA:2,(anonymous_19)
FNDA:6,(anonymous_20)
FNDA:8,(anonymous_21)
FNDA:24,(anonymous_22)
FNDA:0,(anonymous_23)
FNDA:4,(anonymous_24)
FNDA:1,(anonymous_25)
FNDA:1,(anonymous_26)
FNDA:1,(anonymous_27)
FNDA:0,(anonymous_28)
FNDA:4,(anonymous_29)
FNDA:8,(anonymous_30)
FNDA:8,(anonymous_31)
FNDA:12,(anonymous_32)
FNDA:8,(anonymous_33)
FNDA:12,(anonymous_34)
FNDA:4,(anonymous_35)
FNDA:5,(anonymous_36)
FNDA:6,(anonymous_37)
FNDA:4,(anonymous_38)
FNDA:4,(anonymous_39)
FNDA:4,(anonymous_40)
DA:1,9
DA:15,9
DA:16,9
DA:17,9
DA:18,9
DA:19,9
DA:28,9
DA:29,8
DA:38,9
DA:39,8
DA:49,9
DA:50,15
DA:51,18
DA:52,12
DA:53,6
DA:58,9
DA:69,9
DA:70,8
DA:71,8
DA:72,2
DA:76,6
DA:86,9
DA:87,6
DA:88,18
DA:89,13
DA:92,5
DA:93,4
DA:96,1
DA:106,9
DA:107,4
DA:115,9
DA:117,8
DA:118,8
DA:119,13
DA:120,13
DA:121,13
DA:122,10
DA:135,9
DA:136,2
DA:137,2
DA:138,8
DA:141,2
DA:142,12
DA:143,12
DA:144,12
DA:145,2
DA:147,10
DA:148,3
DA:150,7
DA:151,3
DA:153,4
DA:154,1
DA:156,3
DA:169,9
DA:170,6
DA:179,9
DA:180,8
DA:182,8
DA:184,7
DA:185,1
DA:189,6
DA:190,6
DA:192,3
DA:194,4
DA:205,9
DA:206,7
DA:207,7
DA:208,7
DA:209,2
DA:213,2
DA:215,5
DA:216,4
DA:217,1
DA:219,3
DA:220,2
DA:222,1
DA:224,2
DA:236,9
DA:237,6
DA:247,9
DA:248,8
DA:249,8
DA:251,8
DA:252,2
DA:254,6
DA:255,24
DA:256,4
DA:259,20
DA:260,12
DA:263,8
DA:264,4
DA:267,4
DA:280,9
DA:284,0
DA:285,0
DA:286,0
DA:289,0
DA:291,0
DA:292,0
DA:304,0
DA:305,0
DA:309,0
DA:310,0
DA:312,0
DA:314,0
DA:327,9
DA:331,4
DA:332,4
DA:348,3
DA:350,1
DA:361,9
DA:362,1
DA:363,1
DA:364,1
DA:366,0
DA:377,9
DA:378,1
DA:379,1
DA:380,1
DA:382,0
DA:393,9
DA:394,1
DA:395,1
DA:396,1
DA:398,0
DA:407,9
DA:408,0
DA:409,0
DA:410,0
DA:412,0
DA:425,9
DA:426,4
DA:428,8
DA:431,4
DA:432,12
DA:436,4
DA:438,8
DA:440,6
DA:441,2
DA:444,4
DA:445,4
DA:446,2
DA:450,2
DA:454,2
DA:457,2
DA:459,2
DA:460,2
DA:474,9
DA:481,12
DA:482,6
DA:503,6
DA:525,12
DA:526,12
DA:530,8
DA:531,2
DA:534,6
DA:536,6
DA:537,3
DA:541,3
DA:546,6
DA:552,4
DA:569,9
DA:570,4
DA:571,4
DA:572,1
DA:574,3
DA:579,2
DA:580,1
DA:582,1
DA:584,3
DA:597,9
DA:602,5
DA:603,5
DA:604,1
DA:607,4
DA:608,2
DA:614,2
DA:620,3
DA:621,1
DA:623,2
DA:625,3
DA:635,9
DA:636,6
DA:637,6
DA:638,5
DA:643,4
DA:644,2
DA:647,4
DA:649,2
DA:650,1
DA:651,4
DA:652,4
DA:657,2
DA:659,2
LF:194
LH:175
BRDA:29,0,0,8
BRDA:29,0,1,4
BRDA:39,1,0,8
BRDA:39,1,1,5
BRDA:52,2,0,6
BRDA:71,3,0,2
BRDA:71,4,0,8
BRDA:71,4,1,8
BRDA:88,5,0,13
BRDA:92,6,0,4
BRDA:119,7,0,13
BRDA:121,8,0,10
BRDA:121,9,0,13
BRDA:121,9,1,7
BRDA:144,10,0,2
BRDA:147,11,0,3
BRDA:150,12,0,3
BRDA:153,13,0,1
BRDA:184,14,0,1
BRDA:208,15,0,2
BRDA:216,16,0,1
BRDA:219,17,0,2
BRDA:251,18,0,2
BRDA:251,19,0,8
BRDA:251,19,1,8
BRDA:255,20,0,4
BRDA:255,21,0,24
BRDA:255,21,1,16
BRDA:259,22,0,12
BRDA:263,23,0,4
BRDA:267,24,0,4
BRDA:267,24,1,3
BRDA:285,25,0,0
BRDA:291,26,0,0
BRDA:291,26,1,0
BRDA:304,27,0,0
BRDA:309,28,0,0
BRDA:440,29,0,2
BRDA:445,30,0,2
BRDA:457,31,0,2
BRDA:457,31,1,0
BRDA:481,32,0,6
BRDA:481,32,1,6
BRDA:530,33,0,2
BRDA:536,34,0,3
BRDA:536,34,1,3
BRDA:537,35,0,2
BRDA:537,35,1,1
BRDA:541,36,0,2
BRDA:541,36,1,1
BRDA:548,37,0,6
BRDA:548,37,1,0
BRDA:549,38,0,6
BRDA:549,38,1,0
BRDA:554,39,0,2
BRDA:554,39,1,2
BRDA:571,40,0,1
BRDA:571,41,0,4
BRDA:571,41,1,4
BRDA:571,41,2,4
BRDA:571,41,3,4
BRDA:579,42,0,1
BRDA:603,43,0,1
BRDA:603,44,0,5
BRDA:603,44,1,5
BRDA:603,44,2,5
BRDA:603,44,3,5
BRDA:607,45,0,2
BRDA:607,45,1,2
BRDA:620,46,0,1
BRDA:643,47,0,2
BRDA:643,48,0,4
BRDA:643,48,1,3
BRDA:649,49,0,1
BRDA:649,50,0,2
BRDA:649,50,1,1
BRDA:649,50,2,1
BRDA:652,51,0,4
BRDA:652,51,1,3
BRF:79
BRH:71
end_of_record
TN:
SF:models\comments.ts
FNF:0
FNH:0
DA:1,9
DA:2,9
DA:14,9
DA:16,9
LF:4
LH:4
BRF:0
BRH:0
end_of_record
TN:
SF:models\questions.ts
FNF:0
FNH:0
DA:2,9
DA:3,9
DA:15,9
DA:17,9
LF:4
LH:4
BRF:0
BRH:0
end_of_record
TN:
SF:models\tags.ts
FNF:0
FNH:0
DA:1,9
DA:2,9
DA:14,9
DA:16,9
LF:4
LH:4
BRF:0
BRH:0
end_of_record
TN:
SF:models\users.ts
FNF:0
FNH:0
DA:2,9
DA:3,9
DA:15,9
DA:17,9
LF:4
LH:4
BRF:0
BRH:0
end_of_record
TN:
SF:models\schema\answer.ts
FNF:0
FNH:0
DA:1,9
DA:12,9
DA:28,9
LF:3
LH:3
BRF:0
BRH:0
end_of_record
TN:
SF:models\schema\comment.ts
FNF:0
FNH:0
DA:1,9
DA:12,9
DA:27,9
LF:3
LH:3
BRF:0
BRH:0
end_of_record
TN:
SF:models\schema\question.ts
FNF:0
FNH:0
DA:1,9
DA:18,9
DA:42,9
LF:3
LH:3
BRF:0
BRH:0
end_of_record
TN:
SF:models\schema\tag.ts
FNF:0
FNH:0
DA:1,9
DA:11,9
DA:25,9
LF:3
LH:3
BRF:0
BRH:0
end_of_record
TN:
SF:models\schema\user.ts
FNF:0
FNH:0
DA:1,9
DA:20,9
DA:53,9
LF:3
LH:3
BRF:0
BRH:0
end_of_record
